kinit: KDC can't fulfill requested option while renewing credentials
Terminated

------------------------------------------------------------
Sender: LSF System <lsf@psana1105.pcdsn>
Subject: Job 62284: <./delayextract.py> in cluster <slac> Exited

Job <./delayextract.py> was submitted from host <psanaphi102.pcdsn> by user <coffee> in cluster <slac> at Fri Apr 13 13:14:07 2018.
Job was executed on host(s) <psana1105.pcdsn>, in queue <psanaq>, as user <coffee> in cluster <slac> at Fri Apr 13 13:14:09 2018.
</reg/neh/home/coffee> was used as the home directory.
</reg/neh/home/coffee/TimeTool/TimeTool_deterministic> was used as the working directory.
Started at Fri Apr 13 13:14:09 2018.
Terminated at Fri Apr 13 13:43:14 2018.
Results reported at Fri Apr 13 13:43:14 2018.
Cannot open your job file: /reg/neh/home/coffee/.lsbatch/1523650447.62284
TERM_OWNER: job killed by owner.
Exited with exit code 143.

Resource usage summary:

    CPU time :                                   1817.81 sec.
    Max Memory :                                 278 MB
    Average Memory :                             183.89 MB
    Total Requested Memory :                     -
    Delta Memory :                               -
    Max Swap :                                   -
    Max Processes :                              3
    Max Threads :                                9
    Run time :                                   1773 sec.
    Turnaround time :                            1748 sec.

The output (if any) is above this job summary.

