kinit: KDC can't fulfill requested option while renewing credentials
('running:\t', 'exp=amox28216:run=74:smd')
[('NoDetector.0:Evr.0', '', ''), ('EBeam', '', ''), ('FEEGasDetEnergy', '', ''), ('EOrbits', '', ''), ('NoDetector.0:Evr.1', '', ''), ('AmoEndstation.0:Opal1000.1', 'OPAL1', ''), ('ControlData', '', '')]
('checking step ', 0)
('Step', 0, 'name/value', 'LAS:FS1:VIT:FS_TGT_TIME_DIAL', -0.004)
printing image
('checking step ', 1)
('Step', 1, 'name/value', 'LAS:FS1:VIT:FS_TGT_TIME_DIAL', -0.003950310559006211)
('checking step ', 2)
('Step', 2, 'name/value', 'LAS:FS1:VIT:FS_TGT_TIME_DIAL', -0.0039006211180124223)
('checking step ', 3)
('Step', 3, 'name/value', 'LAS:FS1:VIT:FS_TGT_TIME_DIAL', -0.0038509316770186336)
('checking step ', 4)
('Step', 4, 'name/value', 'LAS:FS1:VIT:FS_TGT_TIME_DIAL', -0.003801242236024845)
('checking step ', 5)
('Step', 5, 'name/value', 'LAS:FS1:VIT:FS_TGT_TIME_DIAL', -0.0037515527950310558)
('checking step ', 6)
('Step', 6, 'name/value', 'LAS:FS1:VIT:FS_TGT_TIME_DIAL', -0.003701863354037267)
('checking step ', 7)
('Step', 7, 'name/value', 'LAS:FS1:VIT:FS_TGT_TIME_DIAL', -0.0036521739130434784)
('checking step ', 8)
('Step', 8, 'name/value', 'LAS:FS1:VIT:FS_TGT_TIME_DIAL', -0.0036024844720496897)
('checking step ', 9)
('Step', 9, 'name/value', 'LAS:FS1:VIT:FS_TGT_TIME_DIAL', -0.0035527950310559006)
('checking step ', 10)
('Step', 10, 'name/value', 'LAS:FS1:VIT:FS_TGT_TIME_DIAL', -0.003503105590062112)
('checking step ', 11)
('Step', 11, 'name/value', 'LAS:FS1:VIT:FS_TGT_TIME_DIAL', -0.003453416149068323)
('checking step ', 12)
('Step', 12, 'name/value', 'LAS:FS1:VIT:FS_TGT_TIME_DIAL', -0.003403726708074534)
('checking step ', 13)
('Step', 13, 'name/value', 'LAS:FS1:VIT:FS_TGT_TIME_DIAL', -0.0033540372670807454)
('checking step ', 14)
('Step', 14, 'name/value', 'LAS:FS1:VIT:FS_TGT_TIME_DIAL', -0.0033043478260869567)
('checking step ', 15)
('Step', 15, 'name/value', 'LAS:FS1:VIT:FS_TGT_TIME_DIAL', -0.003254658385093168)
('checking step ', 16)
('Step', 16, 'name/value', 'LAS:FS1:VIT:FS_TGT_TIME_DIAL', -0.003204968944099379)
('checking step ', 17)
('Step', 17, 'name/value', 'LAS:FS1:VIT:FS_TGT_TIME_DIAL', -0.00315527950310559)
('checking step ', 18)
('Step', 18, 'name/value', 'LAS:FS1:VIT:FS_TGT_TIME_DIAL', -0.0031055900621118015)
('checking step ', 19)
('Step', 19, 'name/value', 'LAS:FS1:VIT:FS_TGT_TIME_DIAL', -0.0030559006211180123)
('checking step ', 20)
('Step', 20, 'name/value', 'LAS:FS1:VIT:FS_TGT_TIME_DIAL', -0.0030062111801242236)
('checking step ', 21)
('Step', 21, 'name/value', 'LAS:FS1:VIT:FS_TGT_TIME_DIAL', -0.002956521739130435)
('checking step ', 22)
('Step', 22, 'name/value', 'LAS:FS1:VIT:FS_TGT_TIME_DIAL', -0.0029068322981366463)
('checking step ', 23)
('Step', 23, 'name/value', 'LAS:FS1:VIT:FS_TGT_TIME_DIAL', -0.002857142857142857)
('checking step ', 24)
('Step', 24, 'name/value', 'LAS:FS1:VIT:FS_TGT_TIME_DIAL', -0.0028074534161490684)
('checking step ', 25)
('Step', 25, 'name/value', 'LAS:FS1:VIT:FS_TGT_TIME_DIAL', -0.0027577639751552793)
('checking step ', 26)
('Step', 26, 'name/value', 'LAS:FS1:VIT:FS_TGT_TIME_DIAL', -0.0027080745341614906)
('checking step ', 27)
('Step', 27, 'name/value', 'LAS:FS1:VIT:FS_TGT_TIME_DIAL', -0.002658385093167702)
('checking step ', 28)
('Step', 28, 'name/value', 'LAS:FS1:VIT:FS_TGT_TIME_DIAL', -0.0026086956521739132)
('checking step ', 29)
('Step', 29, 'name/value', 'LAS:FS1:VIT:FS_TGT_TIME_DIAL', -0.0025590062111801246)
('checking step ', 30)
('Step', 30, 'name/value', 'LAS:FS1:VIT:FS_TGT_TIME_DIAL', -0.0025093167701863354)
('checking step ', 31)
('Step', 31, 'name/value', 'LAS:FS1:VIT:FS_TGT_TIME_DIAL', -0.0024596273291925467)
('checking step ', 32)
('Step', 32, 'name/value', 'LAS:FS1:VIT:FS_TGT_TIME_DIAL', -0.0024099378881987576)
('checking step ', 33)
('Step', 33, 'name/value', 'LAS:FS1:VIT:FS_TGT_TIME_DIAL', -0.002360248447204969)
('checking step ', 34)
('Step', 34, 'name/value', 'LAS:FS1:VIT:FS_TGT_TIME_DIAL', -0.0023105590062111802)
('checking step ', 35)
('Step', 35, 'name/value', 'LAS:FS1:VIT:FS_TGT_TIME_DIAL', -0.0022608695652173915)
('checking step ', 36)
('Step', 36, 'name/value', 'LAS:FS1:VIT:FS_TGT_TIME_DIAL', -0.002211180124223603)
('checking step ', 37)
('Step', 37, 'name/value', 'LAS:FS1:VIT:FS_TGT_TIME_DIAL', -0.0021614906832298137)
('checking step ', 38)
('Step', 38, 'name/value', 'LAS:FS1:VIT:FS_TGT_TIME_DIAL', -0.0021118012422360246)
('checking step ', 39)
('Step', 39, 'name/value', 'LAS:FS1:VIT:FS_TGT_TIME_DIAL', -0.002062111801242236)
('checking step ', 40)
('Step', 40, 'name/value', 'LAS:FS1:VIT:FS_TGT_TIME_DIAL', -0.002012422360248447)
('checking step ', 41)
('Step', 41, 'name/value', 'LAS:FS1:VIT:FS_TGT_TIME_DIAL', -0.0019627329192546585)
('checking step ', 42)
('Step', 42, 'name/value', 'LAS:FS1:VIT:FS_TGT_TIME_DIAL', -0.0019130434782608698)
('checking step ', 43)
('Step', 43, 'name/value', 'LAS:FS1:VIT:FS_TGT_TIME_DIAL', -0.0018633540372670807)
('checking step ', 44)
('Step', 44, 'name/value', 'LAS:FS1:VIT:FS_TGT_TIME_DIAL', -0.001813664596273292)
('checking step ', 45)
('Step', 45, 'name/value', 'LAS:FS1:VIT:FS_TGT_TIME_DIAL', -0.0017639751552795033)
('checking step ', 46)
('Step', 46, 'name/value', 'LAS:FS1:VIT:FS_TGT_TIME_DIAL', -0.0017142857142857142)
('checking step ', 47)
('Step', 47, 'name/value', 'LAS:FS1:VIT:FS_TGT_TIME_DIAL', -0.0016645962732919255)
('checking step ', 48)
('Step', 48, 'name/value', 'LAS:FS1:VIT:FS_TGT_TIME_DIAL', -0.0016149068322981368)
('checking step ', 49)
('Step', 49, 'name/value', 'LAS:FS1:VIT:FS_TGT_TIME_DIAL', -0.0015652173913043477)
('checking step ', 50)
('Step', 50, 'name/value', 'LAS:FS1:VIT:FS_TGT_TIME_DIAL', -0.001515527950310559)
('checking step ', 51)
('Step', 51, 'name/value', 'LAS:FS1:VIT:FS_TGT_TIME_DIAL', -0.0014658385093167703)
('checking step ', 52)
('Step', 52, 'name/value', 'LAS:FS1:VIT:FS_TGT_TIME_DIAL', -0.0014161490683229816)
('checking step ', 53)
('Step', 53, 'name/value', 'LAS:FS1:VIT:FS_TGT_TIME_DIAL', -0.0013664596273291925)
('checking step ', 54)
('Step', 54, 'name/value', 'LAS:FS1:VIT:FS_TGT_TIME_DIAL', -0.0013167701863354038)
('checking step ', 55)
('Step', 55, 'name/value', 'LAS:FS1:VIT:FS_TGT_TIME_DIAL', -0.001267080745341615)
('checking step ', 56)
('Step', 56, 'name/value', 'LAS:FS1:VIT:FS_TGT_TIME_DIAL', -0.001217391304347826)
('checking step ', 57)
('Step', 57, 'name/value', 'LAS:FS1:VIT:FS_TGT_TIME_DIAL', -0.0011677018633540373)
('checking step ', 58)
('Step', 58, 'name/value', 'LAS:FS1:VIT:FS_TGT_TIME_DIAL', -0.0011180124223602486)
('checking step ', 59)
('Step', 59, 'name/value', 'LAS:FS1:VIT:FS_TGT_TIME_DIAL', -0.0010683229813664595)
('checking step ', 60)
('Step', 60, 'name/value', 'LAS:FS1:VIT:FS_TGT_TIME_DIAL', -0.0010186335403726708)
('checking step ', 61)
('Step', 61, 'name/value', 'LAS:FS1:VIT:FS_TGT_TIME_DIAL', -0.0009689440993788821)
('checking step ', 62)
('Step', 62, 'name/value', 'LAS:FS1:VIT:FS_TGT_TIME_DIAL', -0.0009192546583850934)
('checking step ', 63)
('Step', 63, 'name/value', 'LAS:FS1:VIT:FS_TGT_TIME_DIAL', -0.0008695652173913043)
('checking step ', 64)
('Step', 64, 'name/value', 'LAS:FS1:VIT:FS_TGT_TIME_DIAL', -0.0008198757763975156)
('checking step ', 65)
('Step', 65, 'name/value', 'LAS:FS1:VIT:FS_TGT_TIME_DIAL', -0.0007701863354037269)
('checking step ', 66)
('Step', 66, 'name/value', 'LAS:FS1:VIT:FS_TGT_TIME_DIAL', -0.0007204968944099378)
('checking step ', 67)
('Step', 67, 'name/value', 'LAS:FS1:VIT:FS_TGT_TIME_DIAL', -0.0006708074534161491)
('checking step ', 68)
('Step', 68, 'name/value', 'LAS:FS1:VIT:FS_TGT_TIME_DIAL', -0.0006211180124223604)
('checking step ', 69)
('Step', 69, 'name/value', 'LAS:FS1:VIT:FS_TGT_TIME_DIAL', -0.0005714285714285717)
('checking step ', 70)
('Step', 70, 'name/value', 'LAS:FS1:VIT:FS_TGT_TIME_DIAL', -0.0005217391304347826)
('checking step ', 71)
('Step', 71, 'name/value', 'LAS:FS1:VIT:FS_TGT_TIME_DIAL', -0.00047204968944099387)
('checking step ', 72)
('Step', 72, 'name/value', 'LAS:FS1:VIT:FS_TGT_TIME_DIAL', -0.0004223602484472052)
('checking step ', 73)
('Step', 73, 'name/value', 'LAS:FS1:VIT:FS_TGT_TIME_DIAL', -0.00037267080745341605)
('checking step ', 74)
('Step', 74, 'name/value', 'LAS:FS1:VIT:FS_TGT_TIME_DIAL', -0.00032298136645962736)
('checking step ', 75)
('Step', 75, 'name/value', 'LAS:FS1:VIT:FS_TGT_TIME_DIAL', -0.00027329192546583867)
('checking step ', 76)
('Step', 76, 'name/value', 'LAS:FS1:VIT:FS_TGT_TIME_DIAL', -0.00022360248447204955)
('checking step ', 77)
('Step', 77, 'name/value', 'LAS:FS1:VIT:FS_TGT_TIME_DIAL', -0.00017391304347826085)
('checking step ', 78)
('Step', 78, 'name/value', 'LAS:FS1:VIT:FS_TGT_TIME_DIAL', -0.00012422360248447216)
('checking step ', 79)
('Step', 79, 'name/value', 'LAS:FS1:VIT:FS_TGT_TIME_DIAL', -7.453416149068304e-05)
('checking step ', 80)
('Step', 80, 'name/value', 'LAS:FS1:VIT:FS_TGT_TIME_DIAL', -2.4844720496894346e-05)
('checking step ', 81)
('Step', 81, 'name/value', 'LAS:FS1:VIT:FS_TGT_TIME_DIAL', 2.4844720496894346e-05)
('checking step ', 82)
('Step', 82, 'name/value', 'LAS:FS1:VIT:FS_TGT_TIME_DIAL', 7.453416149068304e-05)
('checking step ', 83)
('Step', 83, 'name/value', 'LAS:FS1:VIT:FS_TGT_TIME_DIAL', 0.00012422360248447173)
('checking step ', 84)
('Step', 84, 'name/value', 'LAS:FS1:VIT:FS_TGT_TIME_DIAL', 0.00017391304347826042)
('checking step ', 85)
('Step', 85, 'name/value', 'LAS:FS1:VIT:FS_TGT_TIME_DIAL', 0.00022360248447204998)
('checking step ', 86)
('Step', 86, 'name/value', 'LAS:FS1:VIT:FS_TGT_TIME_DIAL', 0.00027329192546583867)
('checking step ', 87)
('Step', 87, 'name/value', 'LAS:FS1:VIT:FS_TGT_TIME_DIAL', 0.00032298136645962736)
('checking step ', 88)
('Step', 88, 'name/value', 'LAS:FS1:VIT:FS_TGT_TIME_DIAL', 0.00037267080745341605)
('checking step ', 89)
('Step', 89, 'name/value', 'LAS:FS1:VIT:FS_TGT_TIME_DIAL', 0.00042236024844720475)
('checking step ', 90)
('Step', 90, 'name/value', 'LAS:FS1:VIT:FS_TGT_TIME_DIAL', 0.00047204968944099344)
('checking step ', 91)
('Step', 91, 'name/value', 'LAS:FS1:VIT:FS_TGT_TIME_DIAL', 0.000521739130434783)
('checking step ', 92)
('Step', 92, 'name/value', 'LAS:FS1:VIT:FS_TGT_TIME_DIAL', 0.0005714285714285717)
('checking step ', 93)
('Step', 93, 'name/value', 'LAS:FS1:VIT:FS_TGT_TIME_DIAL', 0.0006211180124223604)
('checking step ', 94)
('Step', 94, 'name/value', 'LAS:FS1:VIT:FS_TGT_TIME_DIAL', 0.0006708074534161491)
('checking step ', 95)
('Step', 95, 'name/value', 'LAS:FS1:VIT:FS_TGT_TIME_DIAL', 0.0007204968944099378)
('checking step ', 96)
('Step', 96, 'name/value', 'LAS:FS1:VIT:FS_TGT_TIME_DIAL', 0.0007701863354037265)
('checking step ', 97)
('Step', 97, 'name/value', 'LAS:FS1:VIT:FS_TGT_TIME_DIAL', 0.0008198757763975151)
('checking step ', 98)
('Step', 98, 'name/value', 'LAS:FS1:VIT:FS_TGT_TIME_DIAL', 0.0008695652173913047)
('checking step ', 99)
('Step', 99, 'name/value', 'LAS:FS1:VIT:FS_TGT_TIME_DIAL', 0.0009192546583850934)
('checking step ', 100)
('Step', 100, 'name/value', 'LAS:FS1:VIT:FS_TGT_TIME_DIAL', 0.0009689440993788821)
('checking step ', 101)
('Step', 101, 'name/value', 'LAS:FS1:VIT:FS_TGT_TIME_DIAL', 0.0010186335403726708)
('checking step ', 102)
('Step', 102, 'name/value', 'LAS:FS1:VIT:FS_TGT_TIME_DIAL', 0.0010683229813664595)
('checking step ', 103)
('Step', 103, 'name/value', 'LAS:FS1:VIT:FS_TGT_TIME_DIAL', 0.0011180124223602482)
('checking step ', 104)
('Step', 104, 'name/value', 'LAS:FS1:VIT:FS_TGT_TIME_DIAL', 0.0011677018633540369)
('checking step ', 105)
('Step', 105, 'name/value', 'LAS:FS1:VIT:FS_TGT_TIME_DIAL', 0.0012173913043478264)
('checking step ', 106)
('Step', 106, 'name/value', 'LAS:FS1:VIT:FS_TGT_TIME_DIAL', 0.001267080745341615)
('checking step ', 107)
('Step', 107, 'name/value', 'LAS:FS1:VIT:FS_TGT_TIME_DIAL', 0.0013167701863354038)
('checking step ', 108)
('Step', 108, 'name/value', 'LAS:FS1:VIT:FS_TGT_TIME_DIAL', 0.0013664596273291925)
('checking step ', 109)
('Step', 109, 'name/value', 'LAS:FS1:VIT:FS_TGT_TIME_DIAL', 0.0014161490683229812)
('checking step ', 110)
('Step', 110, 'name/value', 'LAS:FS1:VIT:FS_TGT_TIME_DIAL', 0.0014658385093167699)
('checking step ', 111)
('Step', 111, 'name/value', 'LAS:FS1:VIT:FS_TGT_TIME_DIAL', 0.0015155279503105586)
('checking step ', 112)
('Step', 112, 'name/value', 'LAS:FS1:VIT:FS_TGT_TIME_DIAL', 0.0015652173913043481)
('checking step ', 113)
('Step', 113, 'name/value', 'LAS:FS1:VIT:FS_TGT_TIME_DIAL', 0.0016149068322981368)
('checking step ', 114)
('Step', 114, 'name/value', 'LAS:FS1:VIT:FS_TGT_TIME_DIAL', 0.0016645962732919255)
('checking step ', 115)
('Step', 115, 'name/value', 'LAS:FS1:VIT:FS_TGT_TIME_DIAL', 0.0017142857142857142)
('checking step ', 116)
('Step', 116, 'name/value', 'LAS:FS1:VIT:FS_TGT_TIME_DIAL', 0.0017639751552795029)
('checking step ', 117)
('Step', 117, 'name/value', 'LAS:FS1:VIT:FS_TGT_TIME_DIAL', 0.0018136645962732916)
('checking step ', 118)
('Step', 118, 'name/value', 'LAS:FS1:VIT:FS_TGT_TIME_DIAL', 0.0018633540372670811)
('checking step ', 119)
('Step', 119, 'name/value', 'LAS:FS1:VIT:FS_TGT_TIME_DIAL', 0.0019130434782608698)
('checking step ', 120)
('Step', 120, 'name/value', 'LAS:FS1:VIT:FS_TGT_TIME_DIAL', 0.0019627329192546585)
('checking step ', 121)
('Step', 121, 'name/value', 'LAS:FS1:VIT:FS_TGT_TIME_DIAL', 0.002012422360248447)
('checking step ', 122)
('Step', 122, 'name/value', 'LAS:FS1:VIT:FS_TGT_TIME_DIAL', 0.002062111801242236)
('checking step ', 123)
('Step', 123, 'name/value', 'LAS:FS1:VIT:FS_TGT_TIME_DIAL', 0.0021118012422360246)
('checking step ', 124)
('Step', 124, 'name/value', 'LAS:FS1:VIT:FS_TGT_TIME_DIAL', 0.0021614906832298133)
('checking step ', 125)
('Step', 125, 'name/value', 'LAS:FS1:VIT:FS_TGT_TIME_DIAL', 0.002211180124223603)
('checking step ', 126)
('Step', 126, 'name/value', 'LAS:FS1:VIT:FS_TGT_TIME_DIAL', 0.0022608695652173915)
('checking step ', 127)
('Step', 127, 'name/value', 'LAS:FS1:VIT:FS_TGT_TIME_DIAL', 0.0023105590062111802)
('checking step ', 128)
('Step', 128, 'name/value', 'LAS:FS1:VIT:FS_TGT_TIME_DIAL', 0.002360248447204969)
('checking step ', 129)
('Step', 129, 'name/value', 'LAS:FS1:VIT:FS_TGT_TIME_DIAL', 0.0024099378881987576)
('checking step ', 130)
('Step', 130, 'name/value', 'LAS:FS1:VIT:FS_TGT_TIME_DIAL', 0.0024596273291925463)
('checking step ', 131)
('Step', 131, 'name/value', 'LAS:FS1:VIT:FS_TGT_TIME_DIAL', 0.002509316770186335)
('checking step ', 132)
('Step', 132, 'name/value', 'LAS:FS1:VIT:FS_TGT_TIME_DIAL', 0.0025590062111801246)
('checking step ', 133)
('Step', 133, 'name/value', 'LAS:FS1:VIT:FS_TGT_TIME_DIAL', 0.0026086956521739132)
('checking step ', 134)
('Step', 134, 'name/value', 'LAS:FS1:VIT:FS_TGT_TIME_DIAL', 0.002658385093167702)
('checking step ', 135)
('Step', 135, 'name/value', 'LAS:FS1:VIT:FS_TGT_TIME_DIAL', 0.0027080745341614906)
('checking step ', 136)
('Step', 136, 'name/value', 'LAS:FS1:VIT:FS_TGT_TIME_DIAL', 0.0027577639751552793)
('checking step ', 137)
('Step', 137, 'name/value', 'LAS:FS1:VIT:FS_TGT_TIME_DIAL', 0.002807453416149068)
('checking step ', 138)
('Step', 138, 'name/value', 'LAS:FS1:VIT:FS_TGT_TIME_DIAL', 0.0028571428571428567)
('checking step ', 139)
('Step', 139, 'name/value', 'LAS:FS1:VIT:FS_TGT_TIME_DIAL', 0.0029068322981366463)
('checking step ', 140)
('Step', 140, 'name/value', 'LAS:FS1:VIT:FS_TGT_TIME_DIAL', 0.002956521739130435)
('checking step ', 141)
('Step', 141, 'name/value', 'LAS:FS1:VIT:FS_TGT_TIME_DIAL', 0.0030062111801242236)
('checking step ', 142)
('Step', 142, 'name/value', 'LAS:FS1:VIT:FS_TGT_TIME_DIAL', 0.0030559006211180123)
('checking step ', 143)
('Step', 143, 'name/value', 'LAS:FS1:VIT:FS_TGT_TIME_DIAL', 0.003105590062111801)
('checking step ', 144)
('Step', 144, 'name/value', 'LAS:FS1:VIT:FS_TGT_TIME_DIAL', 0.0031552795031055897)
('checking step ', 145)
('Step', 145, 'name/value', 'LAS:FS1:VIT:FS_TGT_TIME_DIAL', 0.0032049689440993793)
('checking step ', 146)
('Step', 146, 'name/value', 'LAS:FS1:VIT:FS_TGT_TIME_DIAL', 0.003254658385093168)
('checking step ', 147)
('Step', 147, 'name/value', 'LAS:FS1:VIT:FS_TGT_TIME_DIAL', 0.0033043478260869567)
('checking step ', 148)
('Step', 148, 'name/value', 'LAS:FS1:VIT:FS_TGT_TIME_DIAL', 0.0033540372670807454)
('checking step ', 149)
('Step', 149, 'name/value', 'LAS:FS1:VIT:FS_TGT_TIME_DIAL', 0.003403726708074534)
('checking step ', 150)
('Step', 150, 'name/value', 'LAS:FS1:VIT:FS_TGT_TIME_DIAL', 0.0034534161490683227)
('checking step ', 151)
('Step', 151, 'name/value', 'LAS:FS1:VIT:FS_TGT_TIME_DIAL', 0.0035031055900621114)
('checking step ', 152)
('Step', 152, 'name/value', 'LAS:FS1:VIT:FS_TGT_TIME_DIAL', 0.003552795031055901)
('checking step ', 153)
('Step', 153, 'name/value', 'LAS:FS1:VIT:FS_TGT_TIME_DIAL', 0.0036024844720496897)
('checking step ', 154)
('Step', 154, 'name/value', 'LAS:FS1:VIT:FS_TGT_TIME_DIAL', 0.0036521739130434784)
('checking step ', 155)
('Step', 155, 'name/value', 'LAS:FS1:VIT:FS_TGT_TIME_DIAL', 0.003701863354037267)
('checking step ', 156)
('Step', 156, 'name/value', 'LAS:FS1:VIT:FS_TGT_TIME_DIAL', 0.0037515527950310558)
('checking step ', 157)
('Step', 157, 'name/value', 'LAS:FS1:VIT:FS_TGT_TIME_DIAL', 0.0038012422360248444)
('checking step ', 158)
('Step', 158, 'name/value', 'LAS:FS1:VIT:FS_TGT_TIME_DIAL', 0.003850931677018634)
('checking step ', 159)
('Step', 159, 'name/value', 'LAS:FS1:VIT:FS_TGT_TIME_DIAL', 0.0039006211180124227)
('checking step ', 160)
('Step', 160, 'name/value', 'LAS:FS1:VIT:FS_TGT_TIME_DIAL', 0.003950310559006211)
('checking step ', 161)
('Step', 161, 'name/value', 'LAS:FS1:VIT:FS_TGT_TIME_DIAL', 0.004)


		Watch out!  Transposing ouput
('Done saving for run ', '74_refsub')
('running:\t', 'exp=amox28216:run=77:smd')
[('NoDetector.0:Evr.0', '', ''), ('EBeam', '', ''), ('FEEGasDetEnergy', '', ''), ('EOrbits', '', ''), ('NoDetector.0:Evr.1', '', ''), ('AmoEndstation.0:Opal1000.1', 'OPAL1', ''), ('ControlData', '', '')]
('checking step ', 0)
('Step', 0, 'name/value', 'LAS:FS1:VIT:FS_TGT_TIME_DIAL', -0.004)
printing image
('checking step ', 1)
('Step', 1, 'name/value', 'LAS:FS1:VIT:FS_TGT_TIME_DIAL', -0.003950310559006211)
('checking step ', 2)
('Step', 2, 'name/value', 'LAS:FS1:VIT:FS_TGT_TIME_DIAL', -0.0039006211180124223)
('checking step ', 3)
('Step', 3, 'name/value', 'LAS:FS1:VIT:FS_TGT_TIME_DIAL', -0.0038509316770186336)
('checking step ', 4)
('Step', 4, 'name/value', 'LAS:FS1:VIT:FS_TGT_TIME_DIAL', -0.003801242236024845)
('checking step ', 5)
('Step', 5, 'name/value', 'LAS:FS1:VIT:FS_TGT_TIME_DIAL', -0.0037515527950310558)
('checking step ', 6)
('Step', 6, 'name/value', 'LAS:FS1:VIT:FS_TGT_TIME_DIAL', -0.003701863354037267)
('checking step ', 7)
('Step', 7, 'name/value', 'LAS:FS1:VIT:FS_TGT_TIME_DIAL', -0.0036521739130434784)
('checking step ', 8)
('Step', 8, 'name/value', 'LAS:FS1:VIT:FS_TGT_TIME_DIAL', -0.0036024844720496897)
('checking step ', 9)
('Step', 9, 'name/value', 'LAS:FS1:VIT:FS_TGT_TIME_DIAL', -0.0035527950310559006)
('checking step ', 10)
('Step', 10, 'name/value', 'LAS:FS1:VIT:FS_TGT_TIME_DIAL', -0.003503105590062112)
('checking step ', 11)
('Step', 11, 'name/value', 'LAS:FS1:VIT:FS_TGT_TIME_DIAL', -0.003453416149068323)
('checking step ', 12)
('Step', 12, 'name/value', 'LAS:FS1:VIT:FS_TGT_TIME_DIAL', -0.003403726708074534)
('checking step ', 13)
('Step', 13, 'name/value', 'LAS:FS1:VIT:FS_TGT_TIME_DIAL', -0.0033540372670807454)
('checking step ', 14)
('Step', 14, 'name/value', 'LAS:FS1:VIT:FS_TGT_TIME_DIAL', -0.0033043478260869567)
('checking step ', 15)
('Step', 15, 'name/value', 'LAS:FS1:VIT:FS_TGT_TIME_DIAL', -0.003254658385093168)
('checking step ', 16)
('Step', 16, 'name/value', 'LAS:FS1:VIT:FS_TGT_TIME_DIAL', -0.003204968944099379)
('checking step ', 17)
('Step', 17, 'name/value', 'LAS:FS1:VIT:FS_TGT_TIME_DIAL', -0.00315527950310559)
('checking step ', 18)
('Step', 18, 'name/value', 'LAS:FS1:VIT:FS_TGT_TIME_DIAL', -0.0031055900621118015)
('checking step ', 19)
('Step', 19, 'name/value', 'LAS:FS1:VIT:FS_TGT_TIME_DIAL', -0.0030559006211180123)
('checking step ', 20)
('Step', 20, 'name/value', 'LAS:FS1:VIT:FS_TGT_TIME_DIAL', -0.0030062111801242236)
('checking step ', 21)
('Step', 21, 'name/value', 'LAS:FS1:VIT:FS_TGT_TIME_DIAL', -0.002956521739130435)
('checking step ', 22)
('Step', 22, 'name/value', 'LAS:FS1:VIT:FS_TGT_TIME_DIAL', -0.0029068322981366463)
('checking step ', 23)
('Step', 23, 'name/value', 'LAS:FS1:VIT:FS_TGT_TIME_DIAL', -0.002857142857142857)
('checking step ', 24)
('Step', 24, 'name/value', 'LAS:FS1:VIT:FS_TGT_TIME_DIAL', -0.0028074534161490684)
('checking step ', 25)
('Step', 25, 'name/value', 'LAS:FS1:VIT:FS_TGT_TIME_DIAL', -0.0027577639751552793)
('checking step ', 26)
('Step', 26, 'name/value', 'LAS:FS1:VIT:FS_TGT_TIME_DIAL', -0.0027080745341614906)
('checking step ', 27)
('Step', 27, 'name/value', 'LAS:FS1:VIT:FS_TGT_TIME_DIAL', -0.002658385093167702)
('checking step ', 28)
('Step', 28, 'name/value', 'LAS:FS1:VIT:FS_TGT_TIME_DIAL', -0.0026086956521739132)
('checking step ', 29)
('Step', 29, 'name/value', 'LAS:FS1:VIT:FS_TGT_TIME_DIAL', -0.0025590062111801246)
('checking step ', 30)
('Step', 30, 'name/value', 'LAS:FS1:VIT:FS_TGT_TIME_DIAL', -0.0025093167701863354)
('checking step ', 31)
('Step', 31, 'name/value', 'LAS:FS1:VIT:FS_TGT_TIME_DIAL', -0.0024596273291925467)
('checking step ', 32)
('Step', 32, 'name/value', 'LAS:FS1:VIT:FS_TGT_TIME_DIAL', -0.0024099378881987576)
('checking step ', 33)
('Step', 33, 'name/value', 'LAS:FS1:VIT:FS_TGT_TIME_DIAL', -0.002360248447204969)
('checking step ', 34)
('Step', 34, 'name/value', 'LAS:FS1:VIT:FS_TGT_TIME_DIAL', -0.0023105590062111802)
('checking step ', 35)
('Step', 35, 'name/value', 'LAS:FS1:VIT:FS_TGT_TIME_DIAL', -0.0022608695652173915)
('checking step ', 36)
('Step', 36, 'name/value', 'LAS:FS1:VIT:FS_TGT_TIME_DIAL', -0.002211180124223603)
('checking step ', 37)
('Step', 37, 'name/value', 'LAS:FS1:VIT:FS_TGT_TIME_DIAL', -0.0021614906832298137)
('checking step ', 38)
('Step', 38, 'name/value', 'LAS:FS1:VIT:FS_TGT_TIME_DIAL', -0.0021118012422360246)
('checking step ', 39)
('Step', 39, 'name/value', 'LAS:FS1:VIT:FS_TGT_TIME_DIAL', -0.002062111801242236)
('checking step ', 40)
('Step', 40, 'name/value', 'LAS:FS1:VIT:FS_TGT_TIME_DIAL', -0.002012422360248447)
('checking step ', 41)
('Step', 41, 'name/value', 'LAS:FS1:VIT:FS_TGT_TIME_DIAL', -0.0019627329192546585)
('checking step ', 42)
('Step', 42, 'name/value', 'LAS:FS1:VIT:FS_TGT_TIME_DIAL', -0.0019130434782608698)
('checking step ', 43)
('Step', 43, 'name/value', 'LAS:FS1:VIT:FS_TGT_TIME_DIAL', -0.0018633540372670807)
('checking step ', 44)
('Step', 44, 'name/value', 'LAS:FS1:VIT:FS_TGT_TIME_DIAL', -0.001813664596273292)
('checking step ', 45)
('Step', 45, 'name/value', 'LAS:FS1:VIT:FS_TGT_TIME_DIAL', -0.0017639751552795033)
('checking step ', 46)
('Step', 46, 'name/value', 'LAS:FS1:VIT:FS_TGT_TIME_DIAL', -0.0017142857142857142)
('checking step ', 47)
('Step', 47, 'name/value', 'LAS:FS1:VIT:FS_TGT_TIME_DIAL', -0.0016645962732919255)
('checking step ', 48)
('Step', 48, 'name/value', 'LAS:FS1:VIT:FS_TGT_TIME_DIAL', -0.0016149068322981368)
('checking step ', 49)
('Step', 49, 'name/value', 'LAS:FS1:VIT:FS_TGT_TIME_DIAL', -0.0015652173913043477)
('checking step ', 50)
('Step', 50, 'name/value', 'LAS:FS1:VIT:FS_TGT_TIME_DIAL', -0.001515527950310559)
('checking step ', 51)
('Step', 51, 'name/value', 'LAS:FS1:VIT:FS_TGT_TIME_DIAL', -0.0014658385093167703)
('checking step ', 52)
('Step', 52, 'name/value', 'LAS:FS1:VIT:FS_TGT_TIME_DIAL', -0.0014161490683229816)
('checking step ', 53)
('Step', 53, 'name/value', 'LAS:FS1:VIT:FS_TGT_TIME_DIAL', -0.0013664596273291925)
('checking step ', 54)
('Step', 54, 'name/value', 'LAS:FS1:VIT:FS_TGT_TIME_DIAL', -0.0013167701863354038)
('checking step ', 55)
('Step', 55, 'name/value', 'LAS:FS1:VIT:FS_TGT_TIME_DIAL', -0.001267080745341615)
('checking step ', 56)
('Step', 56, 'name/value', 'LAS:FS1:VIT:FS_TGT_TIME_DIAL', -0.001217391304347826)
('checking step ', 57)
('Step', 57, 'name/value', 'LAS:FS1:VIT:FS_TGT_TIME_DIAL', -0.0011677018633540373)
('checking step ', 58)
('Step', 58, 'name/value', 'LAS:FS1:VIT:FS_TGT_TIME_DIAL', -0.0011180124223602486)
('checking step ', 59)
('Step', 59, 'name/value', 'LAS:FS1:VIT:FS_TGT_TIME_DIAL', -0.0010683229813664595)
('checking step ', 60)
('Step', 60, 'name/value', 'LAS:FS1:VIT:FS_TGT_TIME_DIAL', -0.0010186335403726708)
('checking step ', 61)
('Step', 61, 'name/value', 'LAS:FS1:VIT:FS_TGT_TIME_DIAL', -0.0009689440993788821)
('checking step ', 62)
('Step', 62, 'name/value', 'LAS:FS1:VIT:FS_TGT_TIME_DIAL', -0.0009192546583850934)
('checking step ', 63)
('Step', 63, 'name/value', 'LAS:FS1:VIT:FS_TGT_TIME_DIAL', -0.0008695652173913043)
('checking step ', 64)
('Step', 64, 'name/value', 'LAS:FS1:VIT:FS_TGT_TIME_DIAL', -0.0008198757763975156)
('checking step ', 65)
('Step', 65, 'name/value', 'LAS:FS1:VIT:FS_TGT_TIME_DIAL', -0.0007701863354037269)
('checking step ', 66)
('Step', 66, 'name/value', 'LAS:FS1:VIT:FS_TGT_TIME_DIAL', -0.0007204968944099378)
('checking step ', 67)
('Step', 67, 'name/value', 'LAS:FS1:VIT:FS_TGT_TIME_DIAL', -0.0006708074534161491)
('checking step ', 68)
('Step', 68, 'name/value', 'LAS:FS1:VIT:FS_TGT_TIME_DIAL', -0.0006211180124223604)
('checking step ', 69)
('Step', 69, 'name/value', 'LAS:FS1:VIT:FS_TGT_TIME_DIAL', -0.0005714285714285717)
('checking step ', 70)
('Step', 70, 'name/value', 'LAS:FS1:VIT:FS_TGT_TIME_DIAL', -0.0005217391304347826)
('checking step ', 71)
('Step', 71, 'name/value', 'LAS:FS1:VIT:FS_TGT_TIME_DIAL', -0.00047204968944099387)
('checking step ', 72)
('Step', 72, 'name/value', 'LAS:FS1:VIT:FS_TGT_TIME_DIAL', -0.0004223602484472052)
('checking step ', 73)
('Step', 73, 'name/value', 'LAS:FS1:VIT:FS_TGT_TIME_DIAL', -0.00037267080745341605)
('checking step ', 74)
('Step', 74, 'name/value', 'LAS:FS1:VIT:FS_TGT_TIME_DIAL', -0.00032298136645962736)
('checking step ', 75)
('Step', 75, 'name/value', 'LAS:FS1:VIT:FS_TGT_TIME_DIAL', -0.00027329192546583867)
('checking step ', 76)
('Step', 76, 'name/value', 'LAS:FS1:VIT:FS_TGT_TIME_DIAL', -0.00022360248447204955)
('checking step ', 77)
('Step', 77, 'name/value', 'LAS:FS1:VIT:FS_TGT_TIME_DIAL', -0.00017391304347826085)
('checking step ', 78)
('Step', 78, 'name/value', 'LAS:FS1:VIT:FS_TGT_TIME_DIAL', -0.00012422360248447216)
('checking step ', 79)
('Step', 79, 'name/value', 'LAS:FS1:VIT:FS_TGT_TIME_DIAL', -7.453416149068304e-05)
('checking step ', 80)
('Step', 80, 'name/value', 'LAS:FS1:VIT:FS_TGT_TIME_DIAL', -2.4844720496894346e-05)
('checking step ', 81)
('Step', 81, 'name/value', 'LAS:FS1:VIT:FS_TGT_TIME_DIAL', 2.4844720496894346e-05)
('checking step ', 82)
('Step', 82, 'name/value', 'LAS:FS1:VIT:FS_TGT_TIME_DIAL', 7.453416149068304e-05)
('checking step ', 83)
('Step', 83, 'name/value', 'LAS:FS1:VIT:FS_TGT_TIME_DIAL', 0.00012422360248447173)
('checking step ', 84)
('Step', 84, 'name/value', 'LAS:FS1:VIT:FS_TGT_TIME_DIAL', 0.00017391304347826042)
('checking step ', 85)
('Step', 85, 'name/value', 'LAS:FS1:VIT:FS_TGT_TIME_DIAL', 0.00022360248447204998)
('checking step ', 86)
('Step', 86, 'name/value', 'LAS:FS1:VIT:FS_TGT_TIME_DIAL', 0.00027329192546583867)
('checking step ', 87)
('Step', 87, 'name/value', 'LAS:FS1:VIT:FS_TGT_TIME_DIAL', 0.00032298136645962736)
('checking step ', 88)
('Step', 88, 'name/value', 'LAS:FS1:VIT:FS_TGT_TIME_DIAL', 0.00037267080745341605)
('checking step ', 89)
('Step', 89, 'name/value', 'LAS:FS1:VIT:FS_TGT_TIME_DIAL', 0.00042236024844720475)
('checking step ', 90)
('Step', 90, 'name/value', 'LAS:FS1:VIT:FS_TGT_TIME_DIAL', 0.00047204968944099344)
('checking step ', 91)
('Step', 91, 'name/value', 'LAS:FS1:VIT:FS_TGT_TIME_DIAL', 0.000521739130434783)
('checking step ', 92)
('Step', 92, 'name/value', 'LAS:FS1:VIT:FS_TGT_TIME_DIAL', 0.0005714285714285717)
('checking step ', 93)
('Step', 93, 'name/value', 'LAS:FS1:VIT:FS_TGT_TIME_DIAL', 0.0006211180124223604)
('checking step ', 94)
('Step', 94, 'name/value', 'LAS:FS1:VIT:FS_TGT_TIME_DIAL', 0.0006708074534161491)
('checking step ', 95)
('Step', 95, 'name/value', 'LAS:FS1:VIT:FS_TGT_TIME_DIAL', 0.0007204968944099378)
('checking step ', 96)
('Step', 96, 'name/value', 'LAS:FS1:VIT:FS_TGT_TIME_DIAL', 0.0007701863354037265)
('checking step ', 97)
('Step', 97, 'name/value', 'LAS:FS1:VIT:FS_TGT_TIME_DIAL', 0.0008198757763975151)
('checking step ', 98)
('Step', 98, 'name/value', 'LAS:FS1:VIT:FS_TGT_TIME_DIAL', 0.0008695652173913047)
('checking step ', 99)
('Step', 99, 'name/value', 'LAS:FS1:VIT:FS_TGT_TIME_DIAL', 0.0009192546583850934)
('checking step ', 100)
('Step', 100, 'name/value', 'LAS:FS1:VIT:FS_TGT_TIME_DIAL', 0.0009689440993788821)
('checking step ', 101)
('Step', 101, 'name/value', 'LAS:FS1:VIT:FS_TGT_TIME_DIAL', 0.0010186335403726708)
('checking step ', 102)
('Step', 102, 'name/value', 'LAS:FS1:VIT:FS_TGT_TIME_DIAL', 0.0010683229813664595)
('checking step ', 103)
('Step', 103, 'name/value', 'LAS:FS1:VIT:FS_TGT_TIME_DIAL', 0.0011180124223602482)
('checking step ', 104)
('Step', 104, 'name/value', 'LAS:FS1:VIT:FS_TGT_TIME_DIAL', 0.0011677018633540369)
('checking step ', 105)
('Step', 105, 'name/value', 'LAS:FS1:VIT:FS_TGT_TIME_DIAL', 0.0012173913043478264)
('checking step ', 106)
('Step', 106, 'name/value', 'LAS:FS1:VIT:FS_TGT_TIME_DIAL', 0.001267080745341615)
('checking step ', 107)
('Step', 107, 'name/value', 'LAS:FS1:VIT:FS_TGT_TIME_DIAL', 0.0013167701863354038)
('checking step ', 108)
('Step', 108, 'name/value', 'LAS:FS1:VIT:FS_TGT_TIME_DIAL', 0.0013664596273291925)
('checking step ', 109)
('Step', 109, 'name/value', 'LAS:FS1:VIT:FS_TGT_TIME_DIAL', 0.0014161490683229812)
('checking step ', 110)
('Step', 110, 'name/value', 'LAS:FS1:VIT:FS_TGT_TIME_DIAL', 0.0014658385093167699)
('checking step ', 111)
('Step', 111, 'name/value', 'LAS:FS1:VIT:FS_TGT_TIME_DIAL', 0.0015155279503105586)
('checking step ', 112)
('Step', 112, 'name/value', 'LAS:FS1:VIT:FS_TGT_TIME_DIAL', 0.0015652173913043481)
('checking step ', 113)
('Step', 113, 'name/value', 'LAS:FS1:VIT:FS_TGT_TIME_DIAL', 0.0016149068322981368)
('checking step ', 114)
('Step', 114, 'name/value', 'LAS:FS1:VIT:FS_TGT_TIME_DIAL', 0.0016645962732919255)
('checking step ', 115)
('Step', 115, 'name/value', 'LAS:FS1:VIT:FS_TGT_TIME_DIAL', 0.0017142857142857142)
('checking step ', 116)
('Step', 116, 'name/value', 'LAS:FS1:VIT:FS_TGT_TIME_DIAL', 0.0017639751552795029)
('checking step ', 117)
('Step', 117, 'name/value', 'LAS:FS1:VIT:FS_TGT_TIME_DIAL', 0.0018136645962732916)
('checking step ', 118)
('Step', 118, 'name/value', 'LAS:FS1:VIT:FS_TGT_TIME_DIAL', 0.0018633540372670811)
('checking step ', 119)
('Step', 119, 'name/value', 'LAS:FS1:VIT:FS_TGT_TIME_DIAL', 0.0019130434782608698)
('checking step ', 120)
('Step', 120, 'name/value', 'LAS:FS1:VIT:FS_TGT_TIME_DIAL', 0.0019627329192546585)
('checking step ', 121)
('Step', 121, 'name/value', 'LAS:FS1:VIT:FS_TGT_TIME_DIAL', 0.002012422360248447)
('checking step ', 122)
('Step', 122, 'name/value', 'LAS:FS1:VIT:FS_TGT_TIME_DIAL', 0.002062111801242236)
('checking step ', 123)
('Step', 123, 'name/value', 'LAS:FS1:VIT:FS_TGT_TIME_DIAL', 0.0021118012422360246)
('checking step ', 124)
('Step', 124, 'name/value', 'LAS:FS1:VIT:FS_TGT_TIME_DIAL', 0.0021614906832298133)
('checking step ', 125)
('Step', 125, 'name/value', 'LAS:FS1:VIT:FS_TGT_TIME_DIAL', 0.002211180124223603)
('checking step ', 126)
('Step', 126, 'name/value', 'LAS:FS1:VIT:FS_TGT_TIME_DIAL', 0.0022608695652173915)
('checking step ', 127)
('Step', 127, 'name/value', 'LAS:FS1:VIT:FS_TGT_TIME_DIAL', 0.0023105590062111802)
('checking step ', 128)
('Step', 128, 'name/value', 'LAS:FS1:VIT:FS_TGT_TIME_DIAL', 0.002360248447204969)
('checking step ', 129)
('Step', 129, 'name/value', 'LAS:FS1:VIT:FS_TGT_TIME_DIAL', 0.0024099378881987576)
('checking step ', 130)
('Step', 130, 'name/value', 'LAS:FS1:VIT:FS_TGT_TIME_DIAL', 0.0024596273291925463)
('checking step ', 131)
('Step', 131, 'name/value', 'LAS:FS1:VIT:FS_TGT_TIME_DIAL', 0.002509316770186335)
('checking step ', 132)
('Step', 132, 'name/value', 'LAS:FS1:VIT:FS_TGT_TIME_DIAL', 0.0025590062111801246)
('checking step ', 133)
('Step', 133, 'name/value', 'LAS:FS1:VIT:FS_TGT_TIME_DIAL', 0.0026086956521739132)
('checking step ', 134)
('Step', 134, 'name/value', 'LAS:FS1:VIT:FS_TGT_TIME_DIAL', 0.002658385093167702)
('checking step ', 135)
('Step', 135, 'name/value', 'LAS:FS1:VIT:FS_TGT_TIME_DIAL', 0.0027080745341614906)
('checking step ', 136)
('Step', 136, 'name/value', 'LAS:FS1:VIT:FS_TGT_TIME_DIAL', 0.0027577639751552793)
('checking step ', 137)
('Step', 137, 'name/value', 'LAS:FS1:VIT:FS_TGT_TIME_DIAL', 0.002807453416149068)
('checking step ', 138)
('Step', 138, 'name/value', 'LAS:FS1:VIT:FS_TGT_TIME_DIAL', 0.0028571428571428567)
('checking step ', 139)
('Step', 139, 'name/value', 'LAS:FS1:VIT:FS_TGT_TIME_DIAL', 0.0029068322981366463)
('checking step ', 140)
('Step', 140, 'name/value', 'LAS:FS1:VIT:FS_TGT_TIME_DIAL', 0.002956521739130435)
('checking step ', 141)
('Step', 141, 'name/value', 'LAS:FS1:VIT:FS_TGT_TIME_DIAL', 0.0030062111801242236)
('checking step ', 142)
('Step', 142, 'name/value', 'LAS:FS1:VIT:FS_TGT_TIME_DIAL', 0.0030559006211180123)
('checking step ', 143)
('Step', 143, 'name/value', 'LAS:FS1:VIT:FS_TGT_TIME_DIAL', 0.003105590062111801)
('checking step ', 144)
('Step', 144, 'name/value', 'LAS:FS1:VIT:FS_TGT_TIME_DIAL', 0.0031552795031055897)
('checking step ', 145)
('Step', 145, 'name/value', 'LAS:FS1:VIT:FS_TGT_TIME_DIAL', 0.0032049689440993793)
('checking step ', 146)
('Step', 146, 'name/value', 'LAS:FS1:VIT:FS_TGT_TIME_DIAL', 0.003254658385093168)
('checking step ', 147)
('Step', 147, 'name/value', 'LAS:FS1:VIT:FS_TGT_TIME_DIAL', 0.0033043478260869567)
('checking step ', 148)
('Step', 148, 'name/value', 'LAS:FS1:VIT:FS_TGT_TIME_DIAL', 0.0033540372670807454)
('checking step ', 149)
('Step', 149, 'name/value', 'LAS:FS1:VIT:FS_TGT_TIME_DIAL', 0.003403726708074534)
('checking step ', 150)
('Step', 150, 'name/value', 'LAS:FS1:VIT:FS_TGT_TIME_DIAL', 0.0034534161490683227)
('checking step ', 151)
('Step', 151, 'name/value', 'LAS:FS1:VIT:FS_TGT_TIME_DIAL', 0.0035031055900621114)
('checking step ', 152)
('Step', 152, 'name/value', 'LAS:FS1:VIT:FS_TGT_TIME_DIAL', 0.003552795031055901)
('checking step ', 153)
('Step', 153, 'name/value', 'LAS:FS1:VIT:FS_TGT_TIME_DIAL', 0.0036024844720496897)
('checking step ', 154)
('Step', 154, 'name/value', 'LAS:FS1:VIT:FS_TGT_TIME_DIAL', 0.0036521739130434784)
('checking step ', 155)
('Step', 155, 'name/value', 'LAS:FS1:VIT:FS_TGT_TIME_DIAL', 0.003701863354037267)
('checking step ', 156)
('Step', 156, 'name/value', 'LAS:FS1:VIT:FS_TGT_TIME_DIAL', 0.0037515527950310558)
('checking step ', 157)
('Step', 157, 'name/value', 'LAS:FS1:VIT:FS_TGT_TIME_DIAL', 0.0038012422360248444)
('checking step ', 158)
('Step', 158, 'name/value', 'LAS:FS1:VIT:FS_TGT_TIME_DIAL', 0.003850931677018634)
('checking step ', 159)
('Step', 159, 'name/value', 'LAS:FS1:VIT:FS_TGT_TIME_DIAL', 0.0039006211180124227)
('checking step ', 160)
('Step', 160, 'name/value', 'LAS:FS1:VIT:FS_TGT_TIME_DIAL', 0.003950310559006211)
('checking step ', 161)
('Step', 161, 'name/value', 'LAS:FS1:VIT:FS_TGT_TIME_DIAL', 0.004)


		Watch out!  Transposing ouput
('Done saving for run ', '77_refsub')
('running:\t', 'exp=amox28216:run=76:smd')
[('NoDetector.0:Evr.0', '', ''), ('EBeam', '', ''), ('FEEGasDetEnergy', '', ''), ('EOrbits', '', ''), ('NoDetector.0:Evr.1', '', ''), ('AmoEndstation.0:Opal1000.1', 'OPAL1', ''), ('ControlData', '', '')]
('checking step ', 0)
('Step', 0, 'name/value', 'LAS:FS1:VIT:FS_TGT_TIME_DIAL', -0.004)
printing image
('checking step ', 1)
('Step', 1, 'name/value', 'LAS:FS1:VIT:FS_TGT_TIME_DIAL', -0.003950310559006211)
('checking step ', 2)
('Step', 2, 'name/value', 'LAS:FS1:VIT:FS_TGT_TIME_DIAL', -0.0039006211180124223)
('checking step ', 3)
('Step', 3, 'name/value', 'LAS:FS1:VIT:FS_TGT_TIME_DIAL', -0.0038509316770186336)
('checking step ', 4)
('Step', 4, 'name/value', 'LAS:FS1:VIT:FS_TGT_TIME_DIAL', -0.003801242236024845)
('checking step ', 5)
('Step', 5, 'name/value', 'LAS:FS1:VIT:FS_TGT_TIME_DIAL', -0.0037515527950310558)
('checking step ', 6)
('Step', 6, 'name/value', 'LAS:FS1:VIT:FS_TGT_TIME_DIAL', -0.003701863354037267)
('checking step ', 7)
('Step', 7, 'name/value', 'LAS:FS1:VIT:FS_TGT_TIME_DIAL', -0.0036521739130434784)
('checking step ', 8)
('Step', 8, 'name/value', 'LAS:FS1:VIT:FS_TGT_TIME_DIAL', -0.0036024844720496897)
('checking step ', 9)
('Step', 9, 'name/value', 'LAS:FS1:VIT:FS_TGT_TIME_DIAL', -0.0035527950310559006)
('checking step ', 10)
('Step', 10, 'name/value', 'LAS:FS1:VIT:FS_TGT_TIME_DIAL', -0.003503105590062112)
('checking step ', 11)
('Step', 11, 'name/value', 'LAS:FS1:VIT:FS_TGT_TIME_DIAL', -0.003453416149068323)
('checking step ', 12)
('Step', 12, 'name/value', 'LAS:FS1:VIT:FS_TGT_TIME_DIAL', -0.003403726708074534)
('checking step ', 13)
('Step', 13, 'name/value', 'LAS:FS1:VIT:FS_TGT_TIME_DIAL', -0.0033540372670807454)
('checking step ', 14)
('Step', 14, 'name/value', 'LAS:FS1:VIT:FS_TGT_TIME_DIAL', -0.0033043478260869567)
('checking step ', 15)
('Step', 15, 'name/value', 'LAS:FS1:VIT:FS_TGT_TIME_DIAL', -0.003254658385093168)
('checking step ', 16)
('Step', 16, 'name/value', 'LAS:FS1:VIT:FS_TGT_TIME_DIAL', -0.003204968944099379)
('checking step ', 17)
('Step', 17, 'name/value', 'LAS:FS1:VIT:FS_TGT_TIME_DIAL', -0.00315527950310559)
('checking step ', 18)
('Step', 18, 'name/value', 'LAS:FS1:VIT:FS_TGT_TIME_DIAL', -0.0031055900621118015)
('checking step ', 19)
('Step', 19, 'name/value', 'LAS:FS1:VIT:FS_TGT_TIME_DIAL', -0.0030559006211180123)
('checking step ', 20)
('Step', 20, 'name/value', 'LAS:FS1:VIT:FS_TGT_TIME_DIAL', -0.0030062111801242236)
('checking step ', 21)
('Step', 21, 'name/value', 'LAS:FS1:VIT:FS_TGT_TIME_DIAL', -0.002956521739130435)
('checking step ', 22)
('Step', 22, 'name/value', 'LAS:FS1:VIT:FS_TGT_TIME_DIAL', -0.0029068322981366463)
('checking step ', 23)
('Step', 23, 'name/value', 'LAS:FS1:VIT:FS_TGT_TIME_DIAL', -0.002857142857142857)
('checking step ', 24)
('Step', 24, 'name/value', 'LAS:FS1:VIT:FS_TGT_TIME_DIAL', -0.0028074534161490684)
('checking step ', 25)
('Step', 25, 'name/value', 'LAS:FS1:VIT:FS_TGT_TIME_DIAL', -0.0027577639751552793)
('checking step ', 26)
('Step', 26, 'name/value', 'LAS:FS1:VIT:FS_TGT_TIME_DIAL', -0.0027080745341614906)
('checking step ', 27)
('Step', 27, 'name/value', 'LAS:FS1:VIT:FS_TGT_TIME_DIAL', -0.002658385093167702)
('checking step ', 28)
('Step', 28, 'name/value', 'LAS:FS1:VIT:FS_TGT_TIME_DIAL', -0.0026086956521739132)
('checking step ', 29)
('Step', 29, 'name/value', 'LAS:FS1:VIT:FS_TGT_TIME_DIAL', -0.0025590062111801246)
('checking step ', 30)
('Step', 30, 'name/value', 'LAS:FS1:VIT:FS_TGT_TIME_DIAL', -0.0025093167701863354)
('checking step ', 31)
('Step', 31, 'name/value', 'LAS:FS1:VIT:FS_TGT_TIME_DIAL', -0.0024596273291925467)
('checking step ', 32)
('Step', 32, 'name/value', 'LAS:FS1:VIT:FS_TGT_TIME_DIAL', -0.0024099378881987576)
('checking step ', 33)
('Step', 33, 'name/value', 'LAS:FS1:VIT:FS_TGT_TIME_DIAL', -0.002360248447204969)
('checking step ', 34)
('Step', 34, 'name/value', 'LAS:FS1:VIT:FS_TGT_TIME_DIAL', -0.0023105590062111802)
('checking step ', 35)
('Step', 35, 'name/value', 'LAS:FS1:VIT:FS_TGT_TIME_DIAL', -0.0022608695652173915)
('checking step ', 36)
('Step', 36, 'name/value', 'LAS:FS1:VIT:FS_TGT_TIME_DIAL', -0.002211180124223603)
('checking step ', 37)
('Step', 37, 'name/value', 'LAS:FS1:VIT:FS_TGT_TIME_DIAL', -0.0021614906832298137)
('checking step ', 38)
('Step', 38, 'name/value', 'LAS:FS1:VIT:FS_TGT_TIME_DIAL', -0.0021118012422360246)
('checking step ', 39)
('Step', 39, 'name/value', 'LAS:FS1:VIT:FS_TGT_TIME_DIAL', -0.002062111801242236)
('checking step ', 40)
('Step', 40, 'name/value', 'LAS:FS1:VIT:FS_TGT_TIME_DIAL', -0.002012422360248447)
('checking step ', 41)
('Step', 41, 'name/value', 'LAS:FS1:VIT:FS_TGT_TIME_DIAL', -0.0019627329192546585)
('checking step ', 42)
('Step', 42, 'name/value', 'LAS:FS1:VIT:FS_TGT_TIME_DIAL', -0.0019130434782608698)
('checking step ', 43)
('Step', 43, 'name/value', 'LAS:FS1:VIT:FS_TGT_TIME_DIAL', -0.0018633540372670807)
('checking step ', 44)
('Step', 44, 'name/value', 'LAS:FS1:VIT:FS_TGT_TIME_DIAL', -0.001813664596273292)
('checking step ', 45)
('Step', 45, 'name/value', 'LAS:FS1:VIT:FS_TGT_TIME_DIAL', -0.0017639751552795033)
('checking step ', 46)
('Step', 46, 'name/value', 'LAS:FS1:VIT:FS_TGT_TIME_DIAL', -0.0017142857142857142)
('checking step ', 47)
('Step', 47, 'name/value', 'LAS:FS1:VIT:FS_TGT_TIME_DIAL', -0.0016645962732919255)
('checking step ', 48)
('Step', 48, 'name/value', 'LAS:FS1:VIT:FS_TGT_TIME_DIAL', -0.0016149068322981368)
('checking step ', 49)
('Step', 49, 'name/value', 'LAS:FS1:VIT:FS_TGT_TIME_DIAL', -0.0015652173913043477)
('checking step ', 50)
('Step', 50, 'name/value', 'LAS:FS1:VIT:FS_TGT_TIME_DIAL', -0.001515527950310559)
('checking step ', 51)
('Step', 51, 'name/value', 'LAS:FS1:VIT:FS_TGT_TIME_DIAL', -0.0014658385093167703)
('checking step ', 52)
('Step', 52, 'name/value', 'LAS:FS1:VIT:FS_TGT_TIME_DIAL', -0.0014161490683229816)
('checking step ', 53)
('Step', 53, 'name/value', 'LAS:FS1:VIT:FS_TGT_TIME_DIAL', -0.0013664596273291925)
('checking step ', 54)
('Step', 54, 'name/value', 'LAS:FS1:VIT:FS_TGT_TIME_DIAL', -0.0013167701863354038)
('checking step ', 55)
('Step', 55, 'name/value', 'LAS:FS1:VIT:FS_TGT_TIME_DIAL', -0.001267080745341615)
('checking step ', 56)
('Step', 56, 'name/value', 'LAS:FS1:VIT:FS_TGT_TIME_DIAL', -0.001217391304347826)
('checking step ', 57)
('Step', 57, 'name/value', 'LAS:FS1:VIT:FS_TGT_TIME_DIAL', -0.0011677018633540373)
('checking step ', 58)
('Step', 58, 'name/value', 'LAS:FS1:VIT:FS_TGT_TIME_DIAL', -0.0011180124223602486)
('checking step ', 59)
('Step', 59, 'name/value', 'LAS:FS1:VIT:FS_TGT_TIME_DIAL', -0.0010683229813664595)
('checking step ', 60)
('Step', 60, 'name/value', 'LAS:FS1:VIT:FS_TGT_TIME_DIAL', -0.0010186335403726708)
('checking step ', 61)
('Step', 61, 'name/value', 'LAS:FS1:VIT:FS_TGT_TIME_DIAL', -0.0009689440993788821)
('checking step ', 62)
('Step', 62, 'name/value', 'LAS:FS1:VIT:FS_TGT_TIME_DIAL', -0.0009192546583850934)
('checking step ', 63)
('Step', 63, 'name/value', 'LAS:FS1:VIT:FS_TGT_TIME_DIAL', -0.0008695652173913043)
('checking step ', 64)
('Step', 64, 'name/value', 'LAS:FS1:VIT:FS_TGT_TIME_DIAL', -0.0008198757763975156)
('checking step ', 65)
('Step', 65, 'name/value', 'LAS:FS1:VIT:FS_TGT_TIME_DIAL', -0.0007701863354037269)
('checking step ', 66)
('Step', 66, 'name/value', 'LAS:FS1:VIT:FS_TGT_TIME_DIAL', -0.0007204968944099378)
('checking step ', 67)
('Step', 67, 'name/value', 'LAS:FS1:VIT:FS_TGT_TIME_DIAL', -0.0006708074534161491)
('checking step ', 68)
('Step', 68, 'name/value', 'LAS:FS1:VIT:FS_TGT_TIME_DIAL', -0.0006211180124223604)
('checking step ', 69)
('Step', 69, 'name/value', 'LAS:FS1:VIT:FS_TGT_TIME_DIAL', -0.0005714285714285717)
('checking step ', 70)
('Step', 70, 'name/value', 'LAS:FS1:VIT:FS_TGT_TIME_DIAL', -0.0005217391304347826)
('checking step ', 71)
('Step', 71, 'name/value', 'LAS:FS1:VIT:FS_TGT_TIME_DIAL', -0.00047204968944099387)
('checking step ', 72)
('Step', 72, 'name/value', 'LAS:FS1:VIT:FS_TGT_TIME_DIAL', -0.0004223602484472052)
('checking step ', 73)
('Step', 73, 'name/value', 'LAS:FS1:VIT:FS_TGT_TIME_DIAL', -0.00037267080745341605)
('checking step ', 74)
('Step', 74, 'name/value', 'LAS:FS1:VIT:FS_TGT_TIME_DIAL', -0.00032298136645962736)
('checking step ', 75)
('Step', 75, 'name/value', 'LAS:FS1:VIT:FS_TGT_TIME_DIAL', -0.00027329192546583867)
('checking step ', 76)
('Step', 76, 'name/value', 'LAS:FS1:VIT:FS_TGT_TIME_DIAL', -0.00022360248447204955)
('checking step ', 77)
('Step', 77, 'name/value', 'LAS:FS1:VIT:FS_TGT_TIME_DIAL', -0.00017391304347826085)
('checking step ', 78)
('Step', 78, 'name/value', 'LAS:FS1:VIT:FS_TGT_TIME_DIAL', -0.00012422360248447216)
('checking step ', 79)
('Step', 79, 'name/value', 'LAS:FS1:VIT:FS_TGT_TIME_DIAL', -7.453416149068304e-05)
('checking step ', 80)
('Step', 80, 'name/value', 'LAS:FS1:VIT:FS_TGT_TIME_DIAL', -2.4844720496894346e-05)
('checking step ', 81)
('Step', 81, 'name/value', 'LAS:FS1:VIT:FS_TGT_TIME_DIAL', 2.4844720496894346e-05)
('checking step ', 82)
('Step', 82, 'name/value', 'LAS:FS1:VIT:FS_TGT_TIME_DIAL', 7.453416149068304e-05)
('checking step ', 83)
('Step', 83, 'name/value', 'LAS:FS1:VIT:FS_TGT_TIME_DIAL', 0.00012422360248447173)
('checking step ', 84)
('Step', 84, 'name/value', 'LAS:FS1:VIT:FS_TGT_TIME_DIAL', 0.00017391304347826042)
('checking step ', 85)
('Step', 85, 'name/value', 'LAS:FS1:VIT:FS_TGT_TIME_DIAL', 0.00022360248447204998)
('checking step ', 86)
('Step', 86, 'name/value', 'LAS:FS1:VIT:FS_TGT_TIME_DIAL', 0.00027329192546583867)
('checking step ', 87)
('Step', 87, 'name/value', 'LAS:FS1:VIT:FS_TGT_TIME_DIAL', 0.00032298136645962736)
('checking step ', 88)
('Step', 88, 'name/value', 'LAS:FS1:VIT:FS_TGT_TIME_DIAL', 0.00037267080745341605)
('checking step ', 89)
('Step', 89, 'name/value', 'LAS:FS1:VIT:FS_TGT_TIME_DIAL', 0.00042236024844720475)
('checking step ', 90)
('Step', 90, 'name/value', 'LAS:FS1:VIT:FS_TGT_TIME_DIAL', 0.00047204968944099344)
('checking step ', 91)
('Step', 91, 'name/value', 'LAS:FS1:VIT:FS_TGT_TIME_DIAL', 0.000521739130434783)
('checking step ', 92)
('Step', 92, 'name/value', 'LAS:FS1:VIT:FS_TGT_TIME_DIAL', 0.0005714285714285717)
('checking step ', 93)
('Step', 93, 'name/value', 'LAS:FS1:VIT:FS_TGT_TIME_DIAL', 0.0006211180124223604)
('checking step ', 94)
('Step', 94, 'name/value', 'LAS:FS1:VIT:FS_TGT_TIME_DIAL', 0.0006708074534161491)
('checking step ', 95)
('Step', 95, 'name/value', 'LAS:FS1:VIT:FS_TGT_TIME_DIAL', 0.0007204968944099378)
('checking step ', 96)
('Step', 96, 'name/value', 'LAS:FS1:VIT:FS_TGT_TIME_DIAL', 0.0007701863354037265)
('checking step ', 97)
('Step', 97, 'name/value', 'LAS:FS1:VIT:FS_TGT_TIME_DIAL', 0.0008198757763975151)
('checking step ', 98)
('Step', 98, 'name/value', 'LAS:FS1:VIT:FS_TGT_TIME_DIAL', 0.0008695652173913047)
('checking step ', 99)
('Step', 99, 'name/value', 'LAS:FS1:VIT:FS_TGT_TIME_DIAL', 0.0009192546583850934)
('checking step ', 100)
('Step', 100, 'name/value', 'LAS:FS1:VIT:FS_TGT_TIME_DIAL', 0.0009689440993788821)
('checking step ', 101)
('Step', 101, 'name/value', 'LAS:FS1:VIT:FS_TGT_TIME_DIAL', 0.0010186335403726708)
('checking step ', 102)
('Step', 102, 'name/value', 'LAS:FS1:VIT:FS_TGT_TIME_DIAL', 0.0010683229813664595)
('checking step ', 103)
('Step', 103, 'name/value', 'LAS:FS1:VIT:FS_TGT_TIME_DIAL', 0.0011180124223602482)
('checking step ', 104)
('Step', 104, 'name/value', 'LAS:FS1:VIT:FS_TGT_TIME_DIAL', 0.0011677018633540369)
('checking step ', 105)
('Step', 105, 'name/value', 'LAS:FS1:VIT:FS_TGT_TIME_DIAL', 0.0012173913043478264)
('checking step ', 106)
('Step', 106, 'name/value', 'LAS:FS1:VIT:FS_TGT_TIME_DIAL', 0.001267080745341615)
('checking step ', 107)
('Step', 107, 'name/value', 'LAS:FS1:VIT:FS_TGT_TIME_DIAL', 0.0013167701863354038)
('checking step ', 108)
('Step', 108, 'name/value', 'LAS:FS1:VIT:FS_TGT_TIME_DIAL', 0.0013664596273291925)
('checking step ', 109)
('Step', 109, 'name/value', 'LAS:FS1:VIT:FS_TGT_TIME_DIAL', 0.0014161490683229812)
('checking step ', 110)
('Step', 110, 'name/value', 'LAS:FS1:VIT:FS_TGT_TIME_DIAL', 0.0014658385093167699)
('checking step ', 111)
('Step', 111, 'name/value', 'LAS:FS1:VIT:FS_TGT_TIME_DIAL', 0.0015155279503105586)
('checking step ', 112)
('Step', 112, 'name/value', 'LAS:FS1:VIT:FS_TGT_TIME_DIAL', 0.0015652173913043481)
('checking step ', 113)
('Step', 113, 'name/value', 'LAS:FS1:VIT:FS_TGT_TIME_DIAL', 0.0016149068322981368)
('checking step ', 114)
('Step', 114, 'name/value', 'LAS:FS1:VIT:FS_TGT_TIME_DIAL', 0.0016645962732919255)
('checking step ', 115)
('Step', 115, 'name/value', 'LAS:FS1:VIT:FS_TGT_TIME_DIAL', 0.0017142857142857142)
('checking step ', 116)
('Step', 116, 'name/value', 'LAS:FS1:VIT:FS_TGT_TIME_DIAL', 0.0017639751552795029)
('checking step ', 117)
('Step', 117, 'name/value', 'LAS:FS1:VIT:FS_TGT_TIME_DIAL', 0.0018136645962732916)
('checking step ', 118)
('Step', 118, 'name/value', 'LAS:FS1:VIT:FS_TGT_TIME_DIAL', 0.0018633540372670811)
('checking step ', 119)
('Step', 119, 'name/value', 'LAS:FS1:VIT:FS_TGT_TIME_DIAL', 0.0019130434782608698)
('checking step ', 120)
('Step', 120, 'name/value', 'LAS:FS1:VIT:FS_TGT_TIME_DIAL', 0.0019627329192546585)
('checking step ', 121)
('Step', 121, 'name/value', 'LAS:FS1:VIT:FS_TGT_TIME_DIAL', 0.002012422360248447)
('checking step ', 122)
('Step', 122, 'name/value', 'LAS:FS1:VIT:FS_TGT_TIME_DIAL', 0.002062111801242236)
('checking step ', 123)
('Step', 123, 'name/value', 'LAS:FS1:VIT:FS_TGT_TIME_DIAL', 0.0021118012422360246)
('checking step ', 124)
('Step', 124, 'name/value', 'LAS:FS1:VIT:FS_TGT_TIME_DIAL', 0.0021614906832298133)
('checking step ', 125)
('Step', 125, 'name/value', 'LAS:FS1:VIT:FS_TGT_TIME_DIAL', 0.002211180124223603)
('checking step ', 126)
('Step', 126, 'name/value', 'LAS:FS1:VIT:FS_TGT_TIME_DIAL', 0.0022608695652173915)
('checking step ', 127)
('Step', 127, 'name/value', 'LAS:FS1:VIT:FS_TGT_TIME_DIAL', 0.0023105590062111802)
('checking step ', 128)
('Step', 128, 'name/value', 'LAS:FS1:VIT:FS_TGT_TIME_DIAL', 0.002360248447204969)
('checking step ', 129)
('Step', 129, 'name/value', 'LAS:FS1:VIT:FS_TGT_TIME_DIAL', 0.0024099378881987576)
('checking step ', 130)
('Step', 130, 'name/value', 'LAS:FS1:VIT:FS_TGT_TIME_DIAL', 0.0024596273291925463)
('checking step ', 131)
('Step', 131, 'name/value', 'LAS:FS1:VIT:FS_TGT_TIME_DIAL', 0.002509316770186335)
('checking step ', 132)
('Step', 132, 'name/value', 'LAS:FS1:VIT:FS_TGT_TIME_DIAL', 0.0025590062111801246)
('checking step ', 133)
('Step', 133, 'name/value', 'LAS:FS1:VIT:FS_TGT_TIME_DIAL', 0.0026086956521739132)
('checking step ', 134)
('Step', 134, 'name/value', 'LAS:FS1:VIT:FS_TGT_TIME_DIAL', 0.002658385093167702)
('checking step ', 135)
('Step', 135, 'name/value', 'LAS:FS1:VIT:FS_TGT_TIME_DIAL', 0.0027080745341614906)
('checking step ', 136)
('Step', 136, 'name/value', 'LAS:FS1:VIT:FS_TGT_TIME_DIAL', 0.0027577639751552793)
('checking step ', 137)
('Step', 137, 'name/value', 'LAS:FS1:VIT:FS_TGT_TIME_DIAL', 0.002807453416149068)
('checking step ', 138)
('Step', 138, 'name/value', 'LAS:FS1:VIT:FS_TGT_TIME_DIAL', 0.0028571428571428567)
('checking step ', 139)
('Step', 139, 'name/value', 'LAS:FS1:VIT:FS_TGT_TIME_DIAL', 0.0029068322981366463)
('checking step ', 140)
('Step', 140, 'name/value', 'LAS:FS1:VIT:FS_TGT_TIME_DIAL', 0.002956521739130435)
('checking step ', 141)
('Step', 141, 'name/value', 'LAS:FS1:VIT:FS_TGT_TIME_DIAL', 0.0030062111801242236)
('checking step ', 142)
('Step', 142, 'name/value', 'LAS:FS1:VIT:FS_TGT_TIME_DIAL', 0.0030559006211180123)
('checking step ', 143)
('Step', 143, 'name/value', 'LAS:FS1:VIT:FS_TGT_TIME_DIAL', 0.003105590062111801)
('checking step ', 144)
('Step', 144, 'name/value', 'LAS:FS1:VIT:FS_TGT_TIME_DIAL', 0.0031552795031055897)
('checking step ', 145)
('Step', 145, 'name/value', 'LAS:FS1:VIT:FS_TGT_TIME_DIAL', 0.0032049689440993793)
('checking step ', 146)
('Step', 146, 'name/value', 'LAS:FS1:VIT:FS_TGT_TIME_DIAL', 0.003254658385093168)
('checking step ', 147)
('Step', 147, 'name/value', 'LAS:FS1:VIT:FS_TGT_TIME_DIAL', 0.0033043478260869567)
('checking step ', 148)
('Step', 148, 'name/value', 'LAS:FS1:VIT:FS_TGT_TIME_DIAL', 0.0033540372670807454)
('checking step ', 149)
('Step', 149, 'name/value', 'LAS:FS1:VIT:FS_TGT_TIME_DIAL', 0.003403726708074534)
('checking step ', 150)
('Step', 150, 'name/value', 'LAS:FS1:VIT:FS_TGT_TIME_DIAL', 0.0034534161490683227)
('checking step ', 151)
('Step', 151, 'name/value', 'LAS:FS1:VIT:FS_TGT_TIME_DIAL', 0.0035031055900621114)
('checking step ', 152)
('Step', 152, 'name/value', 'LAS:FS1:VIT:FS_TGT_TIME_DIAL', 0.003552795031055901)


		Watch out!  Transposing ouput
('Done saving for run ', '76_refsub')
('running:\t', 'exp=amox28216:run=75:smd')
[('NoDetector.0:Evr.0', '', ''), ('EBeam', '', ''), ('FEEGasDetEnergy', '', ''), ('EOrbits', '', ''), ('NoDetector.0:Evr.1', '', ''), ('AmoEndstation.0:Opal1000.1', 'OPAL1', ''), ('ControlData', '', '')]
('checking step ', 0)
('Step', 0, 'name/value', 'LAS:FS1:VIT:FS_TGT_TIME_DIAL', -0.004)
printing image
('checking step ', 1)
('Step', 1, 'name/value', 'LAS:FS1:VIT:FS_TGT_TIME_DIAL', -0.003950310559006211)
('checking step ', 2)
('Step', 2, 'name/value', 'LAS:FS1:VIT:FS_TGT_TIME_DIAL', -0.0039006211180124223)
('checking step ', 3)
('Step', 3, 'name/value', 'LAS:FS1:VIT:FS_TGT_TIME_DIAL', -0.0038509316770186336)
('checking step ', 4)
('Step', 4, 'name/value', 'LAS:FS1:VIT:FS_TGT_TIME_DIAL', -0.003801242236024845)
('checking step ', 5)
('Step', 5, 'name/value', 'LAS:FS1:VIT:FS_TGT_TIME_DIAL', -0.0037515527950310558)
('checking step ', 6)
('Step', 6, 'name/value', 'LAS:FS1:VIT:FS_TGT_TIME_DIAL', -0.003701863354037267)
('checking step ', 7)
('Step', 7, 'name/value', 'LAS:FS1:VIT:FS_TGT_TIME_DIAL', -0.0036521739130434784)
('checking step ', 8)
('Step', 8, 'name/value', 'LAS:FS1:VIT:FS_TGT_TIME_DIAL', -0.0036024844720496897)
('checking step ', 9)
('Step', 9, 'name/value', 'LAS:FS1:VIT:FS_TGT_TIME_DIAL', -0.0035527950310559006)
('checking step ', 10)
('Step', 10, 'name/value', 'LAS:FS1:VIT:FS_TGT_TIME_DIAL', -0.003503105590062112)
('checking step ', 11)
('Step', 11, 'name/value', 'LAS:FS1:VIT:FS_TGT_TIME_DIAL', -0.003453416149068323)
('checking step ', 12)
('Step', 12, 'name/value', 'LAS:FS1:VIT:FS_TGT_TIME_DIAL', -0.003403726708074534)
('checking step ', 13)
('Step', 13, 'name/value', 'LAS:FS1:VIT:FS_TGT_TIME_DIAL', -0.0033540372670807454)
('checking step ', 14)
('Step', 14, 'name/value', 'LAS:FS1:VIT:FS_TGT_TIME_DIAL', -0.0033043478260869567)
('checking step ', 15)
('Step', 15, 'name/value', 'LAS:FS1:VIT:FS_TGT_TIME_DIAL', -0.003254658385093168)
('checking step ', 16)
('Step', 16, 'name/value', 'LAS:FS1:VIT:FS_TGT_TIME_DIAL', -0.003204968944099379)
('checking step ', 17)
('Step', 17, 'name/value', 'LAS:FS1:VIT:FS_TGT_TIME_DIAL', -0.00315527950310559)
('checking step ', 18)
('Step', 18, 'name/value', 'LAS:FS1:VIT:FS_TGT_TIME_DIAL', -0.0031055900621118015)
('checking step ', 19)
('Step', 19, 'name/value', 'LAS:FS1:VIT:FS_TGT_TIME_DIAL', -0.0030559006211180123)
('checking step ', 20)
('Step', 20, 'name/value', 'LAS:FS1:VIT:FS_TGT_TIME_DIAL', -0.0030062111801242236)
('checking step ', 21)
('Step', 21, 'name/value', 'LAS:FS1:VIT:FS_TGT_TIME_DIAL', -0.002956521739130435)
('checking step ', 22)
('Step', 22, 'name/value', 'LAS:FS1:VIT:FS_TGT_TIME_DIAL', -0.0029068322981366463)
('checking step ', 23)
('Step', 23, 'name/value', 'LAS:FS1:VIT:FS_TGT_TIME_DIAL', -0.002857142857142857)
('checking step ', 24)
('Step', 24, 'name/value', 'LAS:FS1:VIT:FS_TGT_TIME_DIAL', -0.0028074534161490684)
('checking step ', 25)
('Step', 25, 'name/value', 'LAS:FS1:VIT:FS_TGT_TIME_DIAL', -0.0027577639751552793)
('checking step ', 26)
('Step', 26, 'name/value', 'LAS:FS1:VIT:FS_TGT_TIME_DIAL', -0.0027080745341614906)
('checking step ', 27)
('Step', 27, 'name/value', 'LAS:FS1:VIT:FS_TGT_TIME_DIAL', -0.002658385093167702)
('checking step ', 28)
('Step', 28, 'name/value', 'LAS:FS1:VIT:FS_TGT_TIME_DIAL', -0.0026086956521739132)
('checking step ', 29)
('Step', 29, 'name/value', 'LAS:FS1:VIT:FS_TGT_TIME_DIAL', -0.0025590062111801246)
('checking step ', 30)
('Step', 30, 'name/value', 'LAS:FS1:VIT:FS_TGT_TIME_DIAL', -0.0025093167701863354)
('checking step ', 31)
('Step', 31, 'name/value', 'LAS:FS1:VIT:FS_TGT_TIME_DIAL', -0.0024596273291925467)
('checking step ', 32)
('Step', 32, 'name/value', 'LAS:FS1:VIT:FS_TGT_TIME_DIAL', -0.0024099378881987576)
('checking step ', 33)
('Step', 33, 'name/value', 'LAS:FS1:VIT:FS_TGT_TIME_DIAL', -0.002360248447204969)
('checking step ', 34)
('Step', 34, 'name/value', 'LAS:FS1:VIT:FS_TGT_TIME_DIAL', -0.0023105590062111802)
('checking step ', 35)
('Step', 35, 'name/value', 'LAS:FS1:VIT:FS_TGT_TIME_DIAL', -0.0022608695652173915)
('checking step ', 36)
('Step', 36, 'name/value', 'LAS:FS1:VIT:FS_TGT_TIME_DIAL', -0.002211180124223603)
('checking step ', 37)
('Step', 37, 'name/value', 'LAS:FS1:VIT:FS_TGT_TIME_DIAL', -0.0021614906832298137)
('checking step ', 38)
('Step', 38, 'name/value', 'LAS:FS1:VIT:FS_TGT_TIME_DIAL', -0.0021118012422360246)
('checking step ', 39)
('Step', 39, 'name/value', 'LAS:FS1:VIT:FS_TGT_TIME_DIAL', -0.002062111801242236)
('checking step ', 40)
('Step', 40, 'name/value', 'LAS:FS1:VIT:FS_TGT_TIME_DIAL', -0.002012422360248447)
('checking step ', 41)
('Step', 41, 'name/value', 'LAS:FS1:VIT:FS_TGT_TIME_DIAL', -0.0019627329192546585)
('checking step ', 42)
('Step', 42, 'name/value', 'LAS:FS1:VIT:FS_TGT_TIME_DIAL', -0.0019130434782608698)
('checking step ', 43)
('Step', 43, 'name/value', 'LAS:FS1:VIT:FS_TGT_TIME_DIAL', -0.0018633540372670807)
('checking step ', 44)
('Step', 44, 'name/value', 'LAS:FS1:VIT:FS_TGT_TIME_DIAL', -0.001813664596273292)
('checking step ', 45)
('Step', 45, 'name/value', 'LAS:FS1:VIT:FS_TGT_TIME_DIAL', -0.0017639751552795033)
('checking step ', 46)
('Step', 46, 'name/value', 'LAS:FS1:VIT:FS_TGT_TIME_DIAL', -0.0017142857142857142)
('checking step ', 47)
('Step', 47, 'name/value', 'LAS:FS1:VIT:FS_TGT_TIME_DIAL', -0.0016645962732919255)
('checking step ', 48)
('Step', 48, 'name/value', 'LAS:FS1:VIT:FS_TGT_TIME_DIAL', -0.0016149068322981368)
('checking step ', 49)
('Step', 49, 'name/value', 'LAS:FS1:VIT:FS_TGT_TIME_DIAL', -0.0015652173913043477)
('checking step ', 50)
('Step', 50, 'name/value', 'LAS:FS1:VIT:FS_TGT_TIME_DIAL', -0.001515527950310559)
('checking step ', 51)
('Step', 51, 'name/value', 'LAS:FS1:VIT:FS_TGT_TIME_DIAL', -0.0014658385093167703)
('checking step ', 52)
('Step', 52, 'name/value', 'LAS:FS1:VIT:FS_TGT_TIME_DIAL', -0.0014161490683229816)
('checking step ', 53)
('Step', 53, 'name/value', 'LAS:FS1:VIT:FS_TGT_TIME_DIAL', -0.0013664596273291925)
('checking step ', 54)
('Step', 54, 'name/value', 'LAS:FS1:VIT:FS_TGT_TIME_DIAL', -0.0013167701863354038)
('checking step ', 55)
('Step', 55, 'name/value', 'LAS:FS1:VIT:FS_TGT_TIME_DIAL', -0.001267080745341615)
('checking step ', 56)
('Step', 56, 'name/value', 'LAS:FS1:VIT:FS_TGT_TIME_DIAL', -0.001217391304347826)
('checking step ', 57)
('Step', 57, 'name/value', 'LAS:FS1:VIT:FS_TGT_TIME_DIAL', -0.0011677018633540373)
('checking step ', 58)
('Step', 58, 'name/value', 'LAS:FS1:VIT:FS_TGT_TIME_DIAL', -0.0011180124223602486)
('checking step ', 59)
('Step', 59, 'name/value', 'LAS:FS1:VIT:FS_TGT_TIME_DIAL', -0.0010683229813664595)
('checking step ', 60)
('Step', 60, 'name/value', 'LAS:FS1:VIT:FS_TGT_TIME_DIAL', -0.0010186335403726708)
('checking step ', 61)
('Step', 61, 'name/value', 'LAS:FS1:VIT:FS_TGT_TIME_DIAL', -0.0009689440993788821)
('checking step ', 62)
('Step', 62, 'name/value', 'LAS:FS1:VIT:FS_TGT_TIME_DIAL', -0.0009192546583850934)
('checking step ', 63)
('Step', 63, 'name/value', 'LAS:FS1:VIT:FS_TGT_TIME_DIAL', -0.0008695652173913043)
('checking step ', 64)
('Step', 64, 'name/value', 'LAS:FS1:VIT:FS_TGT_TIME_DIAL', -0.0008198757763975156)
('checking step ', 65)
('Step', 65, 'name/value', 'LAS:FS1:VIT:FS_TGT_TIME_DIAL', -0.0007701863354037269)
('checking step ', 66)
('Step', 66, 'name/value', 'LAS:FS1:VIT:FS_TGT_TIME_DIAL', -0.0007204968944099378)
('checking step ', 67)
('Step', 67, 'name/value', 'LAS:FS1:VIT:FS_TGT_TIME_DIAL', -0.0006708074534161491)
('checking step ', 68)
('Step', 68, 'name/value', 'LAS:FS1:VIT:FS_TGT_TIME_DIAL', -0.0006211180124223604)
('checking step ', 69)
('Step', 69, 'name/value', 'LAS:FS1:VIT:FS_TGT_TIME_DIAL', -0.0005714285714285717)
('checking step ', 70)
('Step', 70, 'name/value', 'LAS:FS1:VIT:FS_TGT_TIME_DIAL', -0.0005217391304347826)
('checking step ', 71)
('Step', 71, 'name/value', 'LAS:FS1:VIT:FS_TGT_TIME_DIAL', -0.00047204968944099387)
('checking step ', 72)
('Step', 72, 'name/value', 'LAS:FS1:VIT:FS_TGT_TIME_DIAL', -0.0004223602484472052)
('checking step ', 73)
('Step', 73, 'name/value', 'LAS:FS1:VIT:FS_TGT_TIME_DIAL', -0.00037267080745341605)
('checking step ', 74)
('Step', 74, 'name/value', 'LAS:FS1:VIT:FS_TGT_TIME_DIAL', -0.00032298136645962736)
('checking step ', 75)
('Step', 75, 'name/value', 'LAS:FS1:VIT:FS_TGT_TIME_DIAL', -0.00027329192546583867)
('checking step ', 76)
('Step', 76, 'name/value', 'LAS:FS1:VIT:FS_TGT_TIME_DIAL', -0.00022360248447204955)
('checking step ', 77)
('Step', 77, 'name/value', 'LAS:FS1:VIT:FS_TGT_TIME_DIAL', -0.00017391304347826085)
('checking step ', 78)
('Step', 78, 'name/value', 'LAS:FS1:VIT:FS_TGT_TIME_DIAL', -0.00012422360248447216)
('checking step ', 79)
('Step', 79, 'name/value', 'LAS:FS1:VIT:FS_TGT_TIME_DIAL', -7.453416149068304e-05)
('checking step ', 80)
('Step', 80, 'name/value', 'LAS:FS1:VIT:FS_TGT_TIME_DIAL', -2.4844720496894346e-05)
('checking step ', 81)
('Step', 81, 'name/value', 'LAS:FS1:VIT:FS_TGT_TIME_DIAL', 2.4844720496894346e-05)
('checking step ', 82)
('Step', 82, 'name/value', 'LAS:FS1:VIT:FS_TGT_TIME_DIAL', 7.453416149068304e-05)
('checking step ', 83)
('Step', 83, 'name/value', 'LAS:FS1:VIT:FS_TGT_TIME_DIAL', 0.00012422360248447173)
('checking step ', 84)
('Step', 84, 'name/value', 'LAS:FS1:VIT:FS_TGT_TIME_DIAL', 0.00017391304347826042)
('checking step ', 85)
('Step', 85, 'name/value', 'LAS:FS1:VIT:FS_TGT_TIME_DIAL', 0.00022360248447204998)
('checking step ', 86)
('Step', 86, 'name/value', 'LAS:FS1:VIT:FS_TGT_TIME_DIAL', 0.00027329192546583867)
('checking step ', 87)
('Step', 87, 'name/value', 'LAS:FS1:VIT:FS_TGT_TIME_DIAL', 0.00032298136645962736)
('checking step ', 88)
('Step', 88, 'name/value', 'LAS:FS1:VIT:FS_TGT_TIME_DIAL', 0.00037267080745341605)
('checking step ', 89)
('Step', 89, 'name/value', 'LAS:FS1:VIT:FS_TGT_TIME_DIAL', 0.00042236024844720475)
('checking step ', 90)
('Step', 90, 'name/value', 'LAS:FS1:VIT:FS_TGT_TIME_DIAL', 0.00047204968944099344)
('checking step ', 91)
('Step', 91, 'name/value', 'LAS:FS1:VIT:FS_TGT_TIME_DIAL', 0.000521739130434783)
('checking step ', 92)
('Step', 92, 'name/value', 'LAS:FS1:VIT:FS_TGT_TIME_DIAL', 0.0005714285714285717)
('checking step ', 93)
('Step', 93, 'name/value', 'LAS:FS1:VIT:FS_TGT_TIME_DIAL', 0.0006211180124223604)
('checking step ', 94)
('Step', 94, 'name/value', 'LAS:FS1:VIT:FS_TGT_TIME_DIAL', 0.0006708074534161491)
('checking step ', 95)
('Step', 95, 'name/value', 'LAS:FS1:VIT:FS_TGT_TIME_DIAL', 0.0007204968944099378)
('checking step ', 96)
('Step', 96, 'name/value', 'LAS:FS1:VIT:FS_TGT_TIME_DIAL', 0.0007701863354037265)
('checking step ', 97)
('Step', 97, 'name/value', 'LAS:FS1:VIT:FS_TGT_TIME_DIAL', 0.0008198757763975151)
('checking step ', 98)
('Step', 98, 'name/value', 'LAS:FS1:VIT:FS_TGT_TIME_DIAL', 0.0008695652173913047)
('checking step ', 99)
('Step', 99, 'name/value', 'LAS:FS1:VIT:FS_TGT_TIME_DIAL', 0.0009192546583850934)
('checking step ', 100)
('Step', 100, 'name/value', 'LAS:FS1:VIT:FS_TGT_TIME_DIAL', 0.0009689440993788821)
('checking step ', 101)
('Step', 101, 'name/value', 'LAS:FS1:VIT:FS_TGT_TIME_DIAL', 0.0010186335403726708)
('checking step ', 102)
('Step', 102, 'name/value', 'LAS:FS1:VIT:FS_TGT_TIME_DIAL', 0.0010683229813664595)
('checking step ', 103)
('Step', 103, 'name/value', 'LAS:FS1:VIT:FS_TGT_TIME_DIAL', 0.0011180124223602482)
('checking step ', 104)
('Step', 104, 'name/value', 'LAS:FS1:VIT:FS_TGT_TIME_DIAL', 0.0011677018633540369)
('checking step ', 105)
('Step', 105, 'name/value', 'LAS:FS1:VIT:FS_TGT_TIME_DIAL', 0.0012173913043478264)
('checking step ', 106)
('Step', 106, 'name/value', 'LAS:FS1:VIT:FS_TGT_TIME_DIAL', 0.001267080745341615)
('checking step ', 107)
('Step', 107, 'name/value', 'LAS:FS1:VIT:FS_TGT_TIME_DIAL', 0.0013167701863354038)
('checking step ', 108)
('Step', 108, 'name/value', 'LAS:FS1:VIT:FS_TGT_TIME_DIAL', 0.0013664596273291925)
('checking step ', 109)
('Step', 109, 'name/value', 'LAS:FS1:VIT:FS_TGT_TIME_DIAL', 0.0014161490683229812)
('checking step ', 110)
('Step', 110, 'name/value', 'LAS:FS1:VIT:FS_TGT_TIME_DIAL', 0.0014658385093167699)
('checking step ', 111)
('Step', 111, 'name/value', 'LAS:FS1:VIT:FS_TGT_TIME_DIAL', 0.0015155279503105586)
('checking step ', 112)
('Step', 112, 'name/value', 'LAS:FS1:VIT:FS_TGT_TIME_DIAL', 0.0015652173913043481)
('checking step ', 113)
('Step', 113, 'name/value', 'LAS:FS1:VIT:FS_TGT_TIME_DIAL', 0.0016149068322981368)
('checking step ', 114)
('Step', 114, 'name/value', 'LAS:FS1:VIT:FS_TGT_TIME_DIAL', 0.0016645962732919255)
('checking step ', 115)
('Step', 115, 'name/value', 'LAS:FS1:VIT:FS_TGT_TIME_DIAL', 0.0017142857142857142)
('checking step ', 116)
('Step', 116, 'name/value', 'LAS:FS1:VIT:FS_TGT_TIME_DIAL', 0.0017639751552795029)
('checking step ', 117)
('Step', 117, 'name/value', 'LAS:FS1:VIT:FS_TGT_TIME_DIAL', 0.0018136645962732916)
('checking step ', 118)
('Step', 118, 'name/value', 'LAS:FS1:VIT:FS_TGT_TIME_DIAL', 0.0018633540372670811)
('checking step ', 119)
('Step', 119, 'name/value', 'LAS:FS1:VIT:FS_TGT_TIME_DIAL', 0.0019130434782608698)
('checking step ', 120)
('Step', 120, 'name/value', 'LAS:FS1:VIT:FS_TGT_TIME_DIAL', 0.0019627329192546585)
('checking step ', 121)
('Step', 121, 'name/value', 'LAS:FS1:VIT:FS_TGT_TIME_DIAL', 0.002012422360248447)
('checking step ', 122)
('Step', 122, 'name/value', 'LAS:FS1:VIT:FS_TGT_TIME_DIAL', 0.002062111801242236)
('checking step ', 123)
('Step', 123, 'name/value', 'LAS:FS1:VIT:FS_TGT_TIME_DIAL', 0.0021118012422360246)
('checking step ', 124)
('Step', 124, 'name/value', 'LAS:FS1:VIT:FS_TGT_TIME_DIAL', 0.0021614906832298133)
('checking step ', 125)
('Step', 125, 'name/value', 'LAS:FS1:VIT:FS_TGT_TIME_DIAL', 0.002211180124223603)
('checking step ', 126)
('Step', 126, 'name/value', 'LAS:FS1:VIT:FS_TGT_TIME_DIAL', 0.0022608695652173915)
('checking step ', 127)
('Step', 127, 'name/value', 'LAS:FS1:VIT:FS_TGT_TIME_DIAL', 0.0023105590062111802)
('checking step ', 128)
('Step', 128, 'name/value', 'LAS:FS1:VIT:FS_TGT_TIME_DIAL', 0.002360248447204969)
('checking step ', 129)
('Step', 129, 'name/value', 'LAS:FS1:VIT:FS_TGT_TIME_DIAL', 0.0024099378881987576)
('checking step ', 130)
('Step', 130, 'name/value', 'LAS:FS1:VIT:FS_TGT_TIME_DIAL', 0.0024596273291925463)
('checking step ', 131)
('Step', 131, 'name/value', 'LAS:FS1:VIT:FS_TGT_TIME_DIAL', 0.002509316770186335)
('checking step ', 132)
('Step', 132, 'name/value', 'LAS:FS1:VIT:FS_TGT_TIME_DIAL', 0.0025590062111801246)
('checking step ', 133)
('Step', 133, 'name/value', 'LAS:FS1:VIT:FS_TGT_TIME_DIAL', 0.0026086956521739132)
('checking step ', 134)
('Step', 134, 'name/value', 'LAS:FS1:VIT:FS_TGT_TIME_DIAL', 0.002658385093167702)
('checking step ', 135)
('Step', 135, 'name/value', 'LAS:FS1:VIT:FS_TGT_TIME_DIAL', 0.0027080745341614906)
('checking step ', 136)
('Step', 136, 'name/value', 'LAS:FS1:VIT:FS_TGT_TIME_DIAL', 0.0027577639751552793)
('checking step ', 137)
('Step', 137, 'name/value', 'LAS:FS1:VIT:FS_TGT_TIME_DIAL', 0.002807453416149068)
('checking step ', 138)
('Step', 138, 'name/value', 'LAS:FS1:VIT:FS_TGT_TIME_DIAL', 0.0028571428571428567)
('checking step ', 139)
('Step', 139, 'name/value', 'LAS:FS1:VIT:FS_TGT_TIME_DIAL', 0.0029068322981366463)
('checking step ', 140)
('Step', 140, 'name/value', 'LAS:FS1:VIT:FS_TGT_TIME_DIAL', 0.002956521739130435)
('checking step ', 141)
('Step', 141, 'name/value', 'LAS:FS1:VIT:FS_TGT_TIME_DIAL', 0.0030062111801242236)
('checking step ', 142)
('Step', 142, 'name/value', 'LAS:FS1:VIT:FS_TGT_TIME_DIAL', 0.0030559006211180123)
('checking step ', 143)
('Step', 143, 'name/value', 'LAS:FS1:VIT:FS_TGT_TIME_DIAL', 0.003105590062111801)
('checking step ', 144)
('Step', 144, 'name/value', 'LAS:FS1:VIT:FS_TGT_TIME_DIAL', 0.0031552795031055897)
('checking step ', 145)
('Step', 145, 'name/value', 'LAS:FS1:VIT:FS_TGT_TIME_DIAL', 0.0032049689440993793)
('checking step ', 146)
('Step', 146, 'name/value', 'LAS:FS1:VIT:FS_TGT_TIME_DIAL', 0.003254658385093168)
('checking step ', 147)
('Step', 147, 'name/value', 'LAS:FS1:VIT:FS_TGT_TIME_DIAL', 0.0033043478260869567)
('checking step ', 148)
('Step', 148, 'name/value', 'LAS:FS1:VIT:FS_TGT_TIME_DIAL', 0.0033540372670807454)
('checking step ', 149)
('Step', 149, 'name/value', 'LAS:FS1:VIT:FS_TGT_TIME_DIAL', 0.003403726708074534)
('checking step ', 150)
('Step', 150, 'name/value', 'LAS:FS1:VIT:FS_TGT_TIME_DIAL', 0.0034534161490683227)
('checking step ', 151)
('Step', 151, 'name/value', 'LAS:FS1:VIT:FS_TGT_TIME_DIAL', 0.0035031055900621114)
('checking step ', 152)
('Step', 152, 'name/value', 'LAS:FS1:VIT:FS_TGT_TIME_DIAL', 0.003552795031055901)
('checking step ', 153)
('Step', 153, 'name/value', 'LAS:FS1:VIT:FS_TGT_TIME_DIAL', 0.0036024844720496897)
('checking step ', 154)
('Step', 154, 'name/value', 'LAS:FS1:VIT:FS_TGT_TIME_DIAL', 0.0036521739130434784)
('checking step ', 155)
('Step', 155, 'name/value', 'LAS:FS1:VIT:FS_TGT_TIME_DIAL', 0.003701863354037267)
('checking step ', 156)
('Step', 156, 'name/value', 'LAS:FS1:VIT:FS_TGT_TIME_DIAL', 0.0037515527950310558)
('checking step ', 157)
('Step', 157, 'name/value', 'LAS:FS1:VIT:FS_TGT_TIME_DIAL', 0.0038012422360248444)
('checking step ', 158)
('Step', 158, 'name/value', 'LAS:FS1:VIT:FS_TGT_TIME_DIAL', 0.003850931677018634)
('checking step ', 159)
('Step', 159, 'name/value', 'LAS:FS1:VIT:FS_TGT_TIME_DIAL', 0.0039006211180124227)
('checking step ', 160)
('Step', 160, 'name/value', 'LAS:FS1:VIT:FS_TGT_TIME_DIAL', 0.003950310559006211)
('checking step ', 161)
('Step', 161, 'name/value', 'LAS:FS1:VIT:FS_TGT_TIME_DIAL', 0.004)


		Watch out!  Transposing ouput
('Done saving for run ', '75_refsub')
('running:\t', 'exp=amox28216:run=84:smd')
[('NoDetector.0:Evr.0', '', ''), ('NoDetector.0:Evr.1', '', ''), ('EBeam', '', ''), ('FEEGasDetEnergy', '', ''), ('EOrbits', '', ''), ('AmoEndstation.0:Opal1000.1', 'OPAL1', ''), ('ControlData', '', '')]
('checking step ', 0)
('Step', 0, 'name/value', 'LAS:FS1:VIT:FS_TGT_TIME_DIAL', -0.004)
printing image
('checking step ', 1)
('Step', 1, 'name/value', 'LAS:FS1:VIT:FS_TGT_TIME_DIAL', -0.003950310559006211)
('checking step ', 2)
('Step', 2, 'name/value', 'LAS:FS1:VIT:FS_TGT_TIME_DIAL', -0.0039006211180124223)
('checking step ', 3)
('Step', 3, 'name/value', 'LAS:FS1:VIT:FS_TGT_TIME_DIAL', -0.0038509316770186336)
('checking step ', 4)
('Step', 4, 'name/value', 'LAS:FS1:VIT:FS_TGT_TIME_DIAL', -0.003801242236024845)
('checking step ', 5)
('Step', 5, 'name/value', 'LAS:FS1:VIT:FS_TGT_TIME_DIAL', -0.0037515527950310558)
('checking step ', 6)
('Step', 6, 'name/value', 'LAS:FS1:VIT:FS_TGT_TIME_DIAL', -0.003701863354037267)
('checking step ', 7)
('Step', 7, 'name/value', 'LAS:FS1:VIT:FS_TGT_TIME_DIAL', -0.0036521739130434784)
('checking step ', 8)
('Step', 8, 'name/value', 'LAS:FS1:VIT:FS_TGT_TIME_DIAL', -0.0036024844720496897)
('checking step ', 9)
('Step', 9, 'name/value', 'LAS:FS1:VIT:FS_TGT_TIME_DIAL', -0.0035527950310559006)
('checking step ', 10)
('Step', 10, 'name/value', 'LAS:FS1:VIT:FS_TGT_TIME_DIAL', -0.003503105590062112)
('checking step ', 11)
('Step', 11, 'name/value', 'LAS:FS1:VIT:FS_TGT_TIME_DIAL', -0.003453416149068323)
('checking step ', 12)
('Step', 12, 'name/value', 'LAS:FS1:VIT:FS_TGT_TIME_DIAL', -0.003403726708074534)
('checking step ', 13)
('Step', 13, 'name/value', 'LAS:FS1:VIT:FS_TGT_TIME_DIAL', -0.0033540372670807454)
('checking step ', 14)
('Step', 14, 'name/value', 'LAS:FS1:VIT:FS_TGT_TIME_DIAL', -0.0033043478260869567)
('checking step ', 15)
('Step', 15, 'name/value', 'LAS:FS1:VIT:FS_TGT_TIME_DIAL', -0.003254658385093168)
('checking step ', 16)
('Step', 16, 'name/value', 'LAS:FS1:VIT:FS_TGT_TIME_DIAL', -0.003204968944099379)
('checking step ', 17)
('Step', 17, 'name/value', 'LAS:FS1:VIT:FS_TGT_TIME_DIAL', -0.00315527950310559)
('checking step ', 18)
('Step', 18, 'name/value', 'LAS:FS1:VIT:FS_TGT_TIME_DIAL', -0.0031055900621118015)
('checking step ', 19)
('Step', 19, 'name/value', 'LAS:FS1:VIT:FS_TGT_TIME_DIAL', -0.0030559006211180123)
('checking step ', 20)
('Step', 20, 'name/value', 'LAS:FS1:VIT:FS_TGT_TIME_DIAL', -0.0030062111801242236)
('checking step ', 21)
('Step', 21, 'name/value', 'LAS:FS1:VIT:FS_TGT_TIME_DIAL', -0.002956521739130435)
('checking step ', 22)
('Step', 22, 'name/value', 'LAS:FS1:VIT:FS_TGT_TIME_DIAL', -0.0029068322981366463)
('checking step ', 23)
('Step', 23, 'name/value', 'LAS:FS1:VIT:FS_TGT_TIME_DIAL', -0.002857142857142857)
('checking step ', 24)
('Step', 24, 'name/value', 'LAS:FS1:VIT:FS_TGT_TIME_DIAL', -0.0028074534161490684)
('checking step ', 25)
('Step', 25, 'name/value', 'LAS:FS1:VIT:FS_TGT_TIME_DIAL', -0.0027577639751552793)
('checking step ', 26)
('Step', 26, 'name/value', 'LAS:FS1:VIT:FS_TGT_TIME_DIAL', -0.0027080745341614906)
('checking step ', 27)
('Step', 27, 'name/value', 'LAS:FS1:VIT:FS_TGT_TIME_DIAL', -0.002658385093167702)
('checking step ', 28)
('Step', 28, 'name/value', 'LAS:FS1:VIT:FS_TGT_TIME_DIAL', -0.0026086956521739132)
('checking step ', 29)
('Step', 29, 'name/value', 'LAS:FS1:VIT:FS_TGT_TIME_DIAL', -0.0025590062111801246)
('checking step ', 30)
('Step', 30, 'name/value', 'LAS:FS1:VIT:FS_TGT_TIME_DIAL', -0.0025093167701863354)
('checking step ', 31)
('Step', 31, 'name/value', 'LAS:FS1:VIT:FS_TGT_TIME_DIAL', -0.0024596273291925467)
('checking step ', 32)
('Step', 32, 'name/value', 'LAS:FS1:VIT:FS_TGT_TIME_DIAL', -0.0024099378881987576)
('checking step ', 33)
('Step', 33, 'name/value', 'LAS:FS1:VIT:FS_TGT_TIME_DIAL', -0.002360248447204969)
('checking step ', 34)
('Step', 34, 'name/value', 'LAS:FS1:VIT:FS_TGT_TIME_DIAL', -0.0023105590062111802)
('checking step ', 35)
('Step', 35, 'name/value', 'LAS:FS1:VIT:FS_TGT_TIME_DIAL', -0.0022608695652173915)
('checking step ', 36)
('Step', 36, 'name/value', 'LAS:FS1:VIT:FS_TGT_TIME_DIAL', -0.002211180124223603)
('checking step ', 37)
('Step', 37, 'name/value', 'LAS:FS1:VIT:FS_TGT_TIME_DIAL', -0.0021614906832298137)
('checking step ', 38)
('Step', 38, 'name/value', 'LAS:FS1:VIT:FS_TGT_TIME_DIAL', -0.0021118012422360246)
('checking step ', 39)
('Step', 39, 'name/value', 'LAS:FS1:VIT:FS_TGT_TIME_DIAL', -0.002062111801242236)
('checking step ', 40)
('Step', 40, 'name/value', 'LAS:FS1:VIT:FS_TGT_TIME_DIAL', -0.002012422360248447)
('checking step ', 41)
('Step', 41, 'name/value', 'LAS:FS1:VIT:FS_TGT_TIME_DIAL', -0.0019627329192546585)
('checking step ', 42)
('Step', 42, 'name/value', 'LAS:FS1:VIT:FS_TGT_TIME_DIAL', -0.0019130434782608698)
('checking step ', 43)
('Step', 43, 'name/value', 'LAS:FS1:VIT:FS_TGT_TIME_DIAL', -0.0018633540372670807)
('checking step ', 44)
('Step', 44, 'name/value', 'LAS:FS1:VIT:FS_TGT_TIME_DIAL', -0.001813664596273292)
('checking step ', 45)
('Step', 45, 'name/value', 'LAS:FS1:VIT:FS_TGT_TIME_DIAL', -0.0017639751552795033)
('checking step ', 46)
('Step', 46, 'name/value', 'LAS:FS1:VIT:FS_TGT_TIME_DIAL', -0.0017142857142857142)
('checking step ', 47)
('Step', 47, 'name/value', 'LAS:FS1:VIT:FS_TGT_TIME_DIAL', -0.0016645962732919255)
('checking step ', 48)
('Step', 48, 'name/value', 'LAS:FS1:VIT:FS_TGT_TIME_DIAL', -0.0016149068322981368)
('checking step ', 49)
('Step', 49, 'name/value', 'LAS:FS1:VIT:FS_TGT_TIME_DIAL', -0.0015652173913043477)
('checking step ', 50)
('Step', 50, 'name/value', 'LAS:FS1:VIT:FS_TGT_TIME_DIAL', -0.001515527950310559)
('checking step ', 51)
('Step', 51, 'name/value', 'LAS:FS1:VIT:FS_TGT_TIME_DIAL', -0.0014658385093167703)
('checking step ', 52)
('Step', 52, 'name/value', 'LAS:FS1:VIT:FS_TGT_TIME_DIAL', -0.0014161490683229816)
('checking step ', 53)
('Step', 53, 'name/value', 'LAS:FS1:VIT:FS_TGT_TIME_DIAL', -0.0013664596273291925)
('checking step ', 54)
('Step', 54, 'name/value', 'LAS:FS1:VIT:FS_TGT_TIME_DIAL', -0.0013167701863354038)
('checking step ', 55)
('Step', 55, 'name/value', 'LAS:FS1:VIT:FS_TGT_TIME_DIAL', -0.001267080745341615)
('checking step ', 56)
('Step', 56, 'name/value', 'LAS:FS1:VIT:FS_TGT_TIME_DIAL', -0.001217391304347826)
('checking step ', 57)
('Step', 57, 'name/value', 'LAS:FS1:VIT:FS_TGT_TIME_DIAL', -0.0011677018633540373)
('checking step ', 58)
('Step', 58, 'name/value', 'LAS:FS1:VIT:FS_TGT_TIME_DIAL', -0.0011180124223602486)
('checking step ', 59)
('Step', 59, 'name/value', 'LAS:FS1:VIT:FS_TGT_TIME_DIAL', -0.0010683229813664595)
('checking step ', 60)
('Step', 60, 'name/value', 'LAS:FS1:VIT:FS_TGT_TIME_DIAL', -0.0010186335403726708)
('checking step ', 61)
('Step', 61, 'name/value', 'LAS:FS1:VIT:FS_TGT_TIME_DIAL', -0.0009689440993788821)
('checking step ', 62)
('Step', 62, 'name/value', 'LAS:FS1:VIT:FS_TGT_TIME_DIAL', -0.0009192546583850934)
('checking step ', 63)
('Step', 63, 'name/value', 'LAS:FS1:VIT:FS_TGT_TIME_DIAL', -0.0008695652173913043)
('checking step ', 64)
('Step', 64, 'name/value', 'LAS:FS1:VIT:FS_TGT_TIME_DIAL', -0.0008198757763975156)
('checking step ', 65)
('Step', 65, 'name/value', 'LAS:FS1:VIT:FS_TGT_TIME_DIAL', -0.0007701863354037269)
('checking step ', 66)
('Step', 66, 'name/value', 'LAS:FS1:VIT:FS_TGT_TIME_DIAL', -0.0007204968944099378)
('checking step ', 67)
('Step', 67, 'name/value', 'LAS:FS1:VIT:FS_TGT_TIME_DIAL', -0.0006708074534161491)
('checking step ', 68)
('Step', 68, 'name/value', 'LAS:FS1:VIT:FS_TGT_TIME_DIAL', -0.0006211180124223604)
('checking step ', 69)
('Step', 69, 'name/value', 'LAS:FS1:VIT:FS_TGT_TIME_DIAL', -0.0005714285714285717)
('checking step ', 70)
('Step', 70, 'name/value', 'LAS:FS1:VIT:FS_TGT_TIME_DIAL', -0.0005217391304347826)
('checking step ', 71)
('Step', 71, 'name/value', 'LAS:FS1:VIT:FS_TGT_TIME_DIAL', -0.00047204968944099387)
('checking step ', 72)
('Step', 72, 'name/value', 'LAS:FS1:VIT:FS_TGT_TIME_DIAL', -0.0004223602484472052)
('checking step ', 73)
('Step', 73, 'name/value', 'LAS:FS1:VIT:FS_TGT_TIME_DIAL', -0.00037267080745341605)
('checking step ', 74)
('Step', 74, 'name/value', 'LAS:FS1:VIT:FS_TGT_TIME_DIAL', -0.00032298136645962736)
('checking step ', 75)
('Step', 75, 'name/value', 'LAS:FS1:VIT:FS_TGT_TIME_DIAL', -0.00027329192546583867)
('checking step ', 76)
('Step', 76, 'name/value', 'LAS:FS1:VIT:FS_TGT_TIME_DIAL', -0.00022360248447204955)
('checking step ', 77)
('Step', 77, 'name/value', 'LAS:FS1:VIT:FS_TGT_TIME_DIAL', -0.00017391304347826085)
('checking step ', 78)
('Step', 78, 'name/value', 'LAS:FS1:VIT:FS_TGT_TIME_DIAL', -0.00012422360248447216)
('checking step ', 79)
('Step', 79, 'name/value', 'LAS:FS1:VIT:FS_TGT_TIME_DIAL', -7.453416149068304e-05)
('checking step ', 80)
('Step', 80, 'name/value', 'LAS:FS1:VIT:FS_TGT_TIME_DIAL', -2.4844720496894346e-05)
('checking step ', 81)
('Step', 81, 'name/value', 'LAS:FS1:VIT:FS_TGT_TIME_DIAL', 2.4844720496894346e-05)
('checking step ', 82)
('Step', 82, 'name/value', 'LAS:FS1:VIT:FS_TGT_TIME_DIAL', 7.453416149068304e-05)
('checking step ', 83)
('Step', 83, 'name/value', 'LAS:FS1:VIT:FS_TGT_TIME_DIAL', 0.00012422360248447173)
('checking step ', 84)
('Step', 84, 'name/value', 'LAS:FS1:VIT:FS_TGT_TIME_DIAL', 0.00017391304347826042)
('checking step ', 85)
('Step', 85, 'name/value', 'LAS:FS1:VIT:FS_TGT_TIME_DIAL', 0.00022360248447204998)
('checking step ', 86)
('Step', 86, 'name/value', 'LAS:FS1:VIT:FS_TGT_TIME_DIAL', 0.00027329192546583867)
('checking step ', 87)
('Step', 87, 'name/value', 'LAS:FS1:VIT:FS_TGT_TIME_DIAL', 0.00032298136645962736)
('checking step ', 88)
('Step', 88, 'name/value', 'LAS:FS1:VIT:FS_TGT_TIME_DIAL', 0.00037267080745341605)
('checking step ', 89)
('Step', 89, 'name/value', 'LAS:FS1:VIT:FS_TGT_TIME_DIAL', 0.00042236024844720475)
('checking step ', 90)
('Step', 90, 'name/value', 'LAS:FS1:VIT:FS_TGT_TIME_DIAL', 0.00047204968944099344)
('checking step ', 91)
('Step', 91, 'name/value', 'LAS:FS1:VIT:FS_TGT_TIME_DIAL', 0.000521739130434783)
('checking step ', 92)
('Step', 92, 'name/value', 'LAS:FS1:VIT:FS_TGT_TIME_DIAL', 0.0005714285714285717)
('checking step ', 93)
('Step', 93, 'name/value', 'LAS:FS1:VIT:FS_TGT_TIME_DIAL', 0.0006211180124223604)
('checking step ', 94)
('Step', 94, 'name/value', 'LAS:FS1:VIT:FS_TGT_TIME_DIAL', 0.0006708074534161491)
('checking step ', 95)
('Step', 95, 'name/value', 'LAS:FS1:VIT:FS_TGT_TIME_DIAL', 0.0007204968944099378)
('checking step ', 96)
('Step', 96, 'name/value', 'LAS:FS1:VIT:FS_TGT_TIME_DIAL', 0.0007701863354037265)
('checking step ', 97)
('Step', 97, 'name/value', 'LAS:FS1:VIT:FS_TGT_TIME_DIAL', 0.0008198757763975151)
('checking step ', 98)
('Step', 98, 'name/value', 'LAS:FS1:VIT:FS_TGT_TIME_DIAL', 0.0008695652173913047)
('checking step ', 99)
('Step', 99, 'name/value', 'LAS:FS1:VIT:FS_TGT_TIME_DIAL', 0.0009192546583850934)
('checking step ', 100)
('Step', 100, 'name/value', 'LAS:FS1:VIT:FS_TGT_TIME_DIAL', 0.0009689440993788821)
('checking step ', 101)
('Step', 101, 'name/value', 'LAS:FS1:VIT:FS_TGT_TIME_DIAL', 0.0010186335403726708)
('checking step ', 102)
('Step', 102, 'name/value', 'LAS:FS1:VIT:FS_TGT_TIME_DIAL', 0.0010683229813664595)
('checking step ', 103)
('Step', 103, 'name/value', 'LAS:FS1:VIT:FS_TGT_TIME_DIAL', 0.0011180124223602482)
('checking step ', 104)
('Step', 104, 'name/value', 'LAS:FS1:VIT:FS_TGT_TIME_DIAL', 0.0011677018633540369)
('checking step ', 105)
('Step', 105, 'name/value', 'LAS:FS1:VIT:FS_TGT_TIME_DIAL', 0.0012173913043478264)
('checking step ', 106)
('Step', 106, 'name/value', 'LAS:FS1:VIT:FS_TGT_TIME_DIAL', 0.001267080745341615)
('checking step ', 107)
('Step', 107, 'name/value', 'LAS:FS1:VIT:FS_TGT_TIME_DIAL', 0.0013167701863354038)
('checking step ', 108)
('Step', 108, 'name/value', 'LAS:FS1:VIT:FS_TGT_TIME_DIAL', 0.0013664596273291925)
('checking step ', 109)
('Step', 109, 'name/value', 'LAS:FS1:VIT:FS_TGT_TIME_DIAL', 0.0014161490683229812)
('checking step ', 110)
('Step', 110, 'name/value', 'LAS:FS1:VIT:FS_TGT_TIME_DIAL', 0.0014658385093167699)
('checking step ', 111)
('Step', 111, 'name/value', 'LAS:FS1:VIT:FS_TGT_TIME_DIAL', 0.0015155279503105586)
('checking step ', 112)
('Step', 112, 'name/value', 'LAS:FS1:VIT:FS_TGT_TIME_DIAL', 0.0015652173913043481)
('checking step ', 113)
('Step', 113, 'name/value', 'LAS:FS1:VIT:FS_TGT_TIME_DIAL', 0.0016149068322981368)
('checking step ', 114)
('Step', 114, 'name/value', 'LAS:FS1:VIT:FS_TGT_TIME_DIAL', 0.0016645962732919255)
('checking step ', 115)
('Step', 115, 'name/value', 'LAS:FS1:VIT:FS_TGT_TIME_DIAL', 0.0017142857142857142)
('checking step ', 116)
('Step', 116, 'name/value', 'LAS:FS1:VIT:FS_TGT_TIME_DIAL', 0.0017639751552795029)
('checking step ', 117)
('Step', 117, 'name/value', 'LAS:FS1:VIT:FS_TGT_TIME_DIAL', 0.0018136645962732916)
('checking step ', 118)
('Step', 118, 'name/value', 'LAS:FS1:VIT:FS_TGT_TIME_DIAL', 0.0018633540372670811)
('checking step ', 119)
('Step', 119, 'name/value', 'LAS:FS1:VIT:FS_TGT_TIME_DIAL', 0.0019130434782608698)
('checking step ', 120)
('Step', 120, 'name/value', 'LAS:FS1:VIT:FS_TGT_TIME_DIAL', 0.0019627329192546585)
('checking step ', 121)
('Step', 121, 'name/value', 'LAS:FS1:VIT:FS_TGT_TIME_DIAL', 0.002012422360248447)
('checking step ', 122)
('Step', 122, 'name/value', 'LAS:FS1:VIT:FS_TGT_TIME_DIAL', 0.002062111801242236)
('checking step ', 123)
('Step', 123, 'name/value', 'LAS:FS1:VIT:FS_TGT_TIME_DIAL', 0.0021118012422360246)
('checking step ', 124)
('Step', 124, 'name/value', 'LAS:FS1:VIT:FS_TGT_TIME_DIAL', 0.0021614906832298133)
('checking step ', 125)
('Step', 125, 'name/value', 'LAS:FS1:VIT:FS_TGT_TIME_DIAL', 0.002211180124223603)
('checking step ', 126)
('Step', 126, 'name/value', 'LAS:FS1:VIT:FS_TGT_TIME_DIAL', 0.0022608695652173915)
('checking step ', 127)
('Step', 127, 'name/value', 'LAS:FS1:VIT:FS_TGT_TIME_DIAL', 0.0023105590062111802)
('checking step ', 128)
('Step', 128, 'name/value', 'LAS:FS1:VIT:FS_TGT_TIME_DIAL', 0.002360248447204969)
('checking step ', 129)
('Step', 129, 'name/value', 'LAS:FS1:VIT:FS_TGT_TIME_DIAL', 0.0024099378881987576)
('checking step ', 130)
('Step', 130, 'name/value', 'LAS:FS1:VIT:FS_TGT_TIME_DIAL', 0.0024596273291925463)
('checking step ', 131)
('Step', 131, 'name/value', 'LAS:FS1:VIT:FS_TGT_TIME_DIAL', 0.002509316770186335)
('checking step ', 132)
('Step', 132, 'name/value', 'LAS:FS1:VIT:FS_TGT_TIME_DIAL', 0.0025590062111801246)
('checking step ', 133)
('Step', 133, 'name/value', 'LAS:FS1:VIT:FS_TGT_TIME_DIAL', 0.0026086956521739132)
('checking step ', 134)
('Step', 134, 'name/value', 'LAS:FS1:VIT:FS_TGT_TIME_DIAL', 0.002658385093167702)
('checking step ', 135)
('Step', 135, 'name/value', 'LAS:FS1:VIT:FS_TGT_TIME_DIAL', 0.0027080745341614906)
('checking step ', 136)
('Step', 136, 'name/value', 'LAS:FS1:VIT:FS_TGT_TIME_DIAL', 0.0027577639751552793)
('checking step ', 137)
('Step', 137, 'name/value', 'LAS:FS1:VIT:FS_TGT_TIME_DIAL', 0.002807453416149068)
('checking step ', 138)
('Step', 138, 'name/value', 'LAS:FS1:VIT:FS_TGT_TIME_DIAL', 0.0028571428571428567)
('checking step ', 139)
('Step', 139, 'name/value', 'LAS:FS1:VIT:FS_TGT_TIME_DIAL', 0.0029068322981366463)
('checking step ', 140)
('Step', 140, 'name/value', 'LAS:FS1:VIT:FS_TGT_TIME_DIAL', 0.002956521739130435)
('checking step ', 141)
('Step', 141, 'name/value', 'LAS:FS1:VIT:FS_TGT_TIME_DIAL', 0.0030062111801242236)
('checking step ', 142)
('Step', 142, 'name/value', 'LAS:FS1:VIT:FS_TGT_TIME_DIAL', 0.0030559006211180123)
('checking step ', 143)
('Step', 143, 'name/value', 'LAS:FS1:VIT:FS_TGT_TIME_DIAL', 0.003105590062111801)
('checking step ', 144)
('Step', 144, 'name/value', 'LAS:FS1:VIT:FS_TGT_TIME_DIAL', 0.0031552795031055897)
('checking step ', 145)
('Step', 145, 'name/value', 'LAS:FS1:VIT:FS_TGT_TIME_DIAL', 0.0032049689440993793)
('checking step ', 146)
('Step', 146, 'name/value', 'LAS:FS1:VIT:FS_TGT_TIME_DIAL', 0.003254658385093168)
('checking step ', 147)
('Step', 147, 'name/value', 'LAS:FS1:VIT:FS_TGT_TIME_DIAL', 0.0033043478260869567)
('checking step ', 148)
('Step', 148, 'name/value', 'LAS:FS1:VIT:FS_TGT_TIME_DIAL', 0.0033540372670807454)
('checking step ', 149)
('Step', 149, 'name/value', 'LAS:FS1:VIT:FS_TGT_TIME_DIAL', 0.003403726708074534)
('checking step ', 150)
('Step', 150, 'name/value', 'LAS:FS1:VIT:FS_TGT_TIME_DIAL', 0.0034534161490683227)
('checking step ', 151)
('Step', 151, 'name/value', 'LAS:FS1:VIT:FS_TGT_TIME_DIAL', 0.0035031055900621114)
('checking step ', 152)
('Step', 152, 'name/value', 'LAS:FS1:VIT:FS_TGT_TIME_DIAL', 0.003552795031055901)
('checking step ', 153)
('Step', 153, 'name/value', 'LAS:FS1:VIT:FS_TGT_TIME_DIAL', 0.0036024844720496897)
('checking step ', 154)
('Step', 154, 'name/value', 'LAS:FS1:VIT:FS_TGT_TIME_DIAL', 0.0036521739130434784)
('checking step ', 155)
('Step', 155, 'name/value', 'LAS:FS1:VIT:FS_TGT_TIME_DIAL', 0.003701863354037267)
('checking step ', 156)
('Step', 156, 'name/value', 'LAS:FS1:VIT:FS_TGT_TIME_DIAL', 0.0037515527950310558)
('checking step ', 157)
('Step', 157, 'name/value', 'LAS:FS1:VIT:FS_TGT_TIME_DIAL', 0.0038012422360248444)
('checking step ', 158)
('Step', 158, 'name/value', 'LAS:FS1:VIT:FS_TGT_TIME_DIAL', 0.003850931677018634)
('checking step ', 159)
('Step', 159, 'name/value', 'LAS:FS1:VIT:FS_TGT_TIME_DIAL', 0.0039006211180124227)
('checking step ', 160)
('Step', 160, 'name/value', 'LAS:FS1:VIT:FS_TGT_TIME_DIAL', 0.003950310559006211)
('checking step ', 161)
('Step', 161, 'name/value', 'LAS:FS1:VIT:FS_TGT_TIME_DIAL', 0.004)


		Watch out!  Transposing ouput
('Done saving for run ', '84_refsub')
Done.

------------------------------------------------------------
Sender: LSF System <lsf@psana1105.pcdsn>
Subject: Job 230345: <./delayextract.py> in cluster <slac> Done

Job <./delayextract.py> was submitted from host <psanaphi103.pcdsn> by user <coffee> in cluster <slac> at Fri Apr 13 23:27:43 2018.
Job was executed on host(s) <psana1105.pcdsn>, in queue <psanaq>, as user <coffee> in cluster <slac> at Fri Apr 13 23:27:44 2018.
</reg/neh/home/coffee> was used as the home directory.
</reg/neh/home/coffee/TimeTool/TimeTool_deterministic> was used as the working directory.
Started at Fri Apr 13 23:27:44 2018.
Terminated at Sat Apr 14 00:05:05 2018.
Results reported at Sat Apr 14 00:05:05 2018.
Cannot open your job file: /reg/neh/home/coffee/.lsbatch/1523687263.230345
Successfully completed.

Resource usage summary:

    CPU time :                                   1788.66 sec.
    Max Memory :                                 223 MB
    Average Memory :                             138.88 MB
    Total Requested Memory :                     -
    Delta Memory :                               -
    Max Swap :                                   -
    Max Processes :                              3
    Max Threads :                                9
    Run time :                                   2239 sec.
    Turnaround time :                            2243 sec.

The output (if any) is above this job summary.

