

*******************************************************************************
Wed Apr 11 17:56:45 2018


FIT:    data read from file u 2:1
        format = x:z
        #datapoints = 3817
        residuals are weighted equally (unit weight)

function used for fitting: cubic(x)
fitted parameters initialized with current variable values



 Iteration 0
 WSSR        : 13875.2           delta(WSSR)/WSSR   : 0
 delta(WSSR) : 0                 limit for stopping : 1e-05
 lambda	  : 1.15053

initial set of free parameter values

a               = 1e-30
b               = -0.4

After 2 iterations the fit converged.
final sum of squares of residuals : 10243.3
rel. change during last iteration : -6.08222e-09

degrees of freedom    (FIT_NDF)                        : 3815
rms of residuals      (FIT_STDFIT) = sqrt(WSSR/ndf)    : 1.6386
variance of residuals (reduced chisquare) = WSSR/ndf   : 2.68502

BREAK:          Singular matrix in Invert_RtR



*******************************************************************************
Wed Apr 11 17:58:08 2018


FIT:    data read from file u 2:(($1>-3 & $1<1.5?$1:0./0))
        format = x:z
        #datapoints = 2135
        residuals are weighted equally (unit weight)

function used for fitting: cubic(x)
fitted parameters initialized with current variable values



 Iteration 0
 WSSR        : 328.814           delta(WSSR)/WSSR   : 0
 delta(WSSR) : 0                 limit for stopping : 1e-05
 lambda	  : 1.06492

initial set of free parameter values

a               = 1e-30
b               = -1.0005

After 2 iterations the fit converged.
final sum of squares of residuals : 319.239
rel. change during last iteration : -1.64426e-09

degrees of freedom    (FIT_NDF)                        : 2133
rms of residuals      (FIT_STDFIT) = sqrt(WSSR/ndf)    : 0.386868
variance of residuals (reduced chisquare) = WSSR/ndf   : 0.149667

BREAK:          Singular matrix in Invert_RtR



*******************************************************************************
Wed Apr 11 17:58:20 2018


FIT:    data read from file u 2:(($1>-3 & $1<1.5?$1:0./0))
        format = x:z
        #datapoints = 2135
        residuals are weighted equally (unit weight)

function used for fitting: cubic(x)
fitted parameters initialized with current variable values



 Iteration 0
 WSSR        : 319.243           delta(WSSR)/WSSR   : 0
 delta(WSSR) : 0                 limit for stopping : 1e-05
 lambda	  : 3.61854

initial set of free parameter values

a               = 1e-30
b               = -0.956985
d               = -0.0001

After 3 iterations the fit converged.
final sum of squares of residuals : 291.928
rel. change during last iteration : -1.20978e-12

degrees of freedom    (FIT_NDF)                        : 2132
rms of residuals      (FIT_STDFIT) = sqrt(WSSR/ndf)    : 0.370036
variance of residuals (reduced chisquare) = WSSR/ndf   : 0.136927

BREAK:          Singular matrix in Invert_RtR



*******************************************************************************
Wed Apr 11 17:59:09 2018


FIT:    data read from file u 2:(($1>-3 & $1<1.5 ? $1:0./0))
        format = x:z
        #datapoints = 2135
        residuals are weighted equally (unit weight)

function used for fitting: cubic(x)
fitted parameters initialized with current variable values



 Iteration 0
 WSSR        : 291.928           delta(WSSR)/WSSR   : 0
 delta(WSSR) : 0                 limit for stopping : 1e-05
 lambda	  : 3.13375

initial set of free parameter values

a               = 1e-30
b               = -0.772847
c               = 1e-30
d               = -0.0491575

After 1 iterations the fit converged.
final sum of squares of residuals : 291.928
rel. change during last iteration : -6.52818e-07

degrees of freedom    (FIT_NDF)                        : 2131
rms of residuals      (FIT_STDFIT) = sqrt(WSSR/ndf)    : 0.370123
variance of residuals (reduced chisquare) = WSSR/ndf   : 0.136991

BREAK:          Singular matrix in Invert_RtR



*******************************************************************************
Wed Apr 11 17:59:11 2018


FIT:    data read from file u 2:(($1>-3 & $1<1.5 ? $1:0./0))
        format = x:z
        #datapoints = 2135
        residuals are weighted equally (unit weight)

function used for fitting: cubic(x)
fitted parameters initialized with current variable values



 Iteration 0
 WSSR        : 291.928           delta(WSSR)/WSSR   : 0
 delta(WSSR) : 0                 limit for stopping : 1e-05
 lambda	  : 3.13375

initial set of free parameter values

a               = 1e-30
b               = -0.772847
c               = 1e-30
d               = -0.0491575

After 1 iterations the fit converged.
final sum of squares of residuals : 291.928
rel. change during last iteration : -6.52981e-07

degrees of freedom    (FIT_NDF)                        : 2131
rms of residuals      (FIT_STDFIT) = sqrt(WSSR/ndf)    : 0.370123
variance of residuals (reduced chisquare) = WSSR/ndf   : 0.136991

BREAK:          Singular matrix in Invert_RtR



*******************************************************************************
Wed Apr 11 18:01:11 2018


FIT:    data read from file u 2:(($1>-3 & $1<1.5 ? $1 : 0./0))
        format = x:z
        #datapoints = 2135
        residuals are weighted equally (unit weight)

function used for fitting: cubic(x)
fitted parameters initialized with current variable values



 Iteration 0
 WSSR        : 291.928           delta(WSSR)/WSSR   : 0
 delta(WSSR) : 0                 limit for stopping : 1e-05
 lambda	  : 3.13375

initial set of free parameter values

a               = 1e-30
b               = -0.772847
c               = 1e-30
d               = -0.0491575

After 1 iterations the fit converged.
final sum of squares of residuals : 291.928
rel. change during last iteration : -6.52981e-07

degrees of freedom    (FIT_NDF)                        : 2131
rms of residuals      (FIT_STDFIT) = sqrt(WSSR/ndf)    : 0.370123
variance of residuals (reduced chisquare) = WSSR/ndf   : 0.136991

BREAK:          Singular matrix in Invert_RtR



*******************************************************************************
Wed Apr 11 18:02:08 2018


FIT:    data read from file u 2:(($1>-3 & $1<1.5 ? $1 : 0./0))
        format = x:z
        #datapoints = 2135
        residuals are weighted equally (unit weight)

function used for fitting: cubic(x)
fitted parameters initialized with current variable values



 Iteration 0
 WSSR        : 354.438           delta(WSSR)/WSSR   : 0
 delta(WSSR) : 0                 limit for stopping : 1e-05
 lambda	  : 2.86274

initial set of free parameter values

a               = 1e-30
b               = -0.5
c               = 1e-30
d               = -0.1
x0              = -2.5

After 5 iterations the fit converged.
final sum of squares of residuals : 106.312
rel. change during last iteration : -6.49574e-06

degrees of freedom    (FIT_NDF)                        : 2130
rms of residuals      (FIT_STDFIT) = sqrt(WSSR/ndf)    : 0.223409
variance of residuals (reduced chisquare) = WSSR/ndf   : 0.0499115

BREAK:          Singular matrix in Invert_RtR



*******************************************************************************
Wed Apr 11 18:03:16 2018


FIT:    data read from file u 2:(($1>-3 & $1<1.5 ? $1 : 0./0))
        format = x:z
        #datapoints = 2135
        residuals are weighted equally (unit weight)

function used for fitting: cubic(x)
fitted parameters initialized with current variable values



 Iteration 0
 WSSR        : 15573.1           delta(WSSR)/WSSR   : 0
 delta(WSSR) : 0                 limit for stopping : 1e-05
 lambda	  : 29.5034

initial set of free parameter values

a               = 2
b               = -0.608016
c               = 1e-30
d               = -0.0622418

After 4 iterations the fit converged.
final sum of squares of residuals : 67.2115
rel. change during last iteration : -5.37258e-10

degrees of freedom    (FIT_NDF)                        : 2131
rms of residuals      (FIT_STDFIT) = sqrt(WSSR/ndf)    : 0.177595
variance of residuals (reduced chisquare) = WSSR/ndf   : 0.0315399

BREAK:          Singular matrix in Invert_RtR



*******************************************************************************
Wed Apr 11 18:03:51 2018


FIT:    data read from file u 2:(($1>-3 & $1<1.5 ? $1 : 0./0))
        format = x:z
        #datapoints = 2135
        residuals are weighted equally (unit weight)

function used for fitting: cubic(x)
fitted parameters initialized with current variable values



 Iteration 0
 WSSR        : 1494.74           delta(WSSR)/WSSR   : 0
 delta(WSSR) : 0                 limit for stopping : 1e-05
 lambda	  : 29.5034

initial set of free parameter values

a               = 1.4171
b               = -0.7
c               = 1e-30
d               = -0.0173023

After 4 iterations the fit converged.
final sum of squares of residuals : 67.2115
rel. change during last iteration : -2.16871e-11

degrees of freedom    (FIT_NDF)                        : 2131
rms of residuals      (FIT_STDFIT) = sqrt(WSSR/ndf)    : 0.177595
variance of residuals (reduced chisquare) = WSSR/ndf   : 0.0315399

BREAK:          Singular matrix in Invert_RtR



*******************************************************************************
Wed Apr 11 18:05:28 2018


FIT:    data read from file u 2:(($1>-3 & $1<1.5 ? $1 : 0./0))
        format = x:z
        #datapoints = 2135
        residuals are weighted equally (unit weight)

function used for fitting: cubic(x)
fitted parameters initialized with current variable values



 Iteration 0
 WSSR        : 2748.76           delta(WSSR)/WSSR   : 0
 delta(WSSR) : 0                 limit for stopping : 1e-05
 lambda	  : 55.1086

initial set of free parameter values

a               = 1.4171
b               = -0.7
c               = 1e-30
d               = -0.005

After 4 iterations the fit converged.
final sum of squares of residuals : 67.6366
rel. change during last iteration : -5.29062e-08

degrees of freedom    (FIT_NDF)                        : 2131
rms of residuals      (FIT_STDFIT) = sqrt(WSSR/ndf)    : 0.178156
variance of residuals (reduced chisquare) = WSSR/ndf   : 0.0317394

BREAK:          Singular matrix in Invert_RtR



*******************************************************************************
Wed Apr 11 18:06:00 2018


FIT:    data read from file u 2:(($1>-3 & $1<1.5 ? $1 : 0./0))
        format = x:z
        #datapoints = 2135
        residuals are weighted equally (unit weight)

function used for fitting: cubic(x)
fitted parameters initialized with current variable values



 Iteration 0
 WSSR        : 78784.4           delta(WSSR)/WSSR   : 0
 delta(WSSR) : 0                 limit for stopping : 1e-05
 lambda	  : 295.402

initial set of free parameter values

a               = 1.72147
b               = -0.334167
c               = 1e-30
d               = -0.0126111

After 5 iterations the fit converged.
final sum of squares of residuals : 67.5415
rel. change during last iteration : -7.83686e-10

degrees of freedom    (FIT_NDF)                        : 2131
rms of residuals      (FIT_STDFIT) = sqrt(WSSR/ndf)    : 0.17803
variance of residuals (reduced chisquare) = WSSR/ndf   : 0.0316947

BREAK:          Singular matrix in Invert_RtR



*******************************************************************************
Wed Apr 11 18:06:20 2018


FIT:    data read from file u 2:(($1>-3 & $1<1.5 ? $1 : 0./0))
        format = x:z
        #datapoints = 2135
        residuals are weighted equally (unit weight)

function used for fitting: cubic(x)
fitted parameters initialized with current variable values



 Iteration 0
 WSSR        : 38094.2           delta(WSSR)/WSSR   : 0
 delta(WSSR) : 0                 limit for stopping : 1e-05
 lambda	  : 1613.8

initial set of free parameter values

a               = 1.94305
b               = -0.488999
c               = 1e-30
d               = -0.00159839

After 6 iterations the fit converged.
final sum of squares of residuals : 69.4737
rel. change during last iteration : -8.97771e-13

degrees of freedom    (FIT_NDF)                        : 2131
rms of residuals      (FIT_STDFIT) = sqrt(WSSR/ndf)    : 0.180559
variance of residuals (reduced chisquare) = WSSR/ndf   : 0.0326014

BREAK:          Singular matrix in Invert_RtR



*******************************************************************************
Wed Apr 11 18:06:59 2018


FIT:    data read from file u 2:(($1>-3 & $1<1.5 ? $1 : 0./0))
        format = x:z
        #datapoints = 2135
        residuals are weighted equally (unit weight)

function used for fitting: cubic(x)
fitted parameters initialized with current variable values



 Iteration 0
 WSSR        : 466.307           delta(WSSR)/WSSR   : 0
 delta(WSSR) : 0                 limit for stopping : 1e-05
 lambda	  : 1613.8

initial set of free parameter values

a               = 3
b               = -0.7
c               = 1e-30
d               = -0.000228144

After 6 iterations the fit converged.
final sum of squares of residuals : 69.4737
rel. change during last iteration : -3.02886e-11

degrees of freedom    (FIT_NDF)                        : 2131
rms of residuals      (FIT_STDFIT) = sqrt(WSSR/ndf)    : 0.180559
variance of residuals (reduced chisquare) = WSSR/ndf   : 0.0326014

BREAK:          Singular matrix in Invert_RtR



*******************************************************************************
Wed Apr 11 18:07:35 2018


FIT:    data read from file u 2:(($1>-3 & $1<1.5 ? $1 : 0./0))
        format = x:z
        #datapoints = 2135
        residuals are weighted equally (unit weight)

function used for fitting: cubic(x)
fitted parameters initialized with current variable values



 Iteration 0
 WSSR        : 735.787           delta(WSSR)/WSSR   : 0
 delta(WSSR) : 0                 limit for stopping : 1e-05
 lambda	  : 1863.45

initial set of free parameter values

a               = 2.08212
c               = 1e-30
d               = -0.000228144

After 5 iterations the fit converged.
final sum of squares of residuals : 85.1346
rel. change during last iteration : -1.03313e-06

degrees of freedom    (FIT_NDF)                        : 2132
rms of residuals      (FIT_STDFIT) = sqrt(WSSR/ndf)    : 0.199829
variance of residuals (reduced chisquare) = WSSR/ndf   : 0.0399318

BREAK:          Singular matrix in Invert_RtR



*******************************************************************************
Wed Apr 11 18:08:07 2018


FIT:    data read from file u 2:(($1>-3 & $1<1.5 ? $1 : 0./0))
        format = x:z
        #datapoints = 2135
        residuals are weighted equally (unit weight)

function used for fitting: cubic(x)
fitted parameters initialized with current variable values



 Iteration 0
 WSSR        : 487458            delta(WSSR)/WSSR   : 0
 delta(WSSR) : 0                 limit for stopping : 1e-05
 lambda	  : 57598.1

initial set of free parameter values

a               = 2.44433
c               = 1e-30
d               = -0.000156517

After 7 iterations the fit converged.
final sum of squares of residuals : 79.0274
rel. change during last iteration : -1.27044e-12

degrees of freedom    (FIT_NDF)                        : 2132
rms of residuals      (FIT_STDFIT) = sqrt(WSSR/ndf)    : 0.192529
variance of residuals (reduced chisquare) = WSSR/ndf   : 0.0370672

BREAK:          Singular matrix in Invert_RtR



*******************************************************************************
Wed Apr 11 18:11:40 2018


FIT:    data read from file u 2:(($1>-3 & $1<1.5 ? $1 : 0./0))
        format = x:z
        #datapoints = 2135
        residuals are weighted equally (unit weight)

function used for fitting: cubic(x)
fitted parameters initialized with current variable values



 Iteration 0
 WSSR        : 79.0278           delta(WSSR)/WSSR   : 0
 delta(WSSR) : 0                 limit for stopping : 1e-05
 lambda	  : 57598.1

initial set of free parameter values

a               = 2.38824
c               = 1e-30
d               = -4.70909e-06

After 1 iterations the fit converged.
final sum of squares of residuals : 79.0274
rel. change during last iteration : -5.95066e-06

degrees of freedom    (FIT_NDF)                        : 2132
rms of residuals      (FIT_STDFIT) = sqrt(WSSR/ndf)    : 0.192529
variance of residuals (reduced chisquare) = WSSR/ndf   : 0.0370672

BREAK:          Singular matrix in Invert_RtR



*******************************************************************************
Wed Apr 11 18:11:56 2018


FIT:    data read from file u 2:(($1>-3 & $1<1.5 ? $1 : 0./0))
        format = x:z
        #datapoints = 2135
        residuals are weighted equally (unit weight)

function used for fitting: cubic(x)
fitted parameters initialized with current variable values



 Iteration 0
 WSSR        : 106.692           delta(WSSR)/WSSR   : 0
 delta(WSSR) : 0                 limit for stopping : 1e-05
 lambda	  : 70543

initial set of free parameter values

a               = 2.38824
d               = -4.70909e-06

After 2 iterations the fit converged.
final sum of squares of residuals : 83.2029
rel. change during last iteration : -9.84913e-07

degrees of freedom    (FIT_NDF)                        : 2133
rms of residuals      (FIT_STDFIT) = sqrt(WSSR/ndf)    : 0.197503
variance of residuals (reduced chisquare) = WSSR/ndf   : 0.0390075

Final set of parameters            Asymptotic Standard Error
=======================            ==========================

a               = 2.38825          +/- 0.005616     (0.2351%)
d               = -3.6577e-06      +/- 5.629e-08    (1.539%)


correlation matrix of the fit parameters:

               a      d      
a               1.000 
d              -0.649  1.000 


*******************************************************************************
Wed Apr 11 18:12:18 2018


FIT:    data read from file u 2:(($1>-3 & $1<1.5 ? $1 : 0./0))
        format = x:z
        #datapoints = 2135
        residuals are weighted equally (unit weight)

function used for fitting: cubic(x)
fitted parameters initialized with current variable values



 Iteration 0
 WSSR        : 83.2029           delta(WSSR)/WSSR   : 0
 delta(WSSR) : 0                 limit for stopping : 1e-05
 lambda	  : 57598.2

initial set of free parameter values

a               = 2.38825
c               = -0.001
d               = -3.6577e-06

After 7 iterations the fit converged.
final sum of squares of residuals : 78.4133
rel. change during last iteration : -8.11385e-12

degrees of freedom    (FIT_NDF)                        : 2132
rms of residuals      (FIT_STDFIT) = sqrt(WSSR/ndf)    : 0.191779
variance of residuals (reduced chisquare) = WSSR/ndf   : 0.0367792

Final set of parameters            Asymptotic Standard Error
=======================            ==========================

a               = 2.35975          +/- 0.008853     (0.3752%)
c               = 0.000786735      +/- 0.0001925    (24.47%)
d               = -5.3426e-06      +/- 1.655e-07    (3.097%)


correlation matrix of the fit parameters:

               a      c      d      
a               1.000 
c              -0.788  1.000 
d               0.612 -0.944  1.000 
